{"numTotalTestSuites":82,"numPassedTestSuites":82,"numFailedTestSuites":0,"numPendingTestSuites":0,"numTotalTests":166,"numPassedTests":155,"numFailedTests":11,"numPendingTests":0,"numTodoTests":0,"startTime":1754863311958,"success":false,"testResults":[{"assertionResults":[{"ancestorTitles":["","Browser Compatibility Tests","Manifest V3 Compatibility"],"fullName":" Browser Compatibility Tests Manifest V3 Compatibility should have valid manifest version 3 structure","status":"passed","title":"should have valid manifest version 3 structure","duration":7,"failureMessages":[]},{"ancestorTitles":["","Browser Compatibility Tests","Manifest V3 Compatibility"],"fullName":" Browser Compatibility Tests Manifest V3 Compatibility should have proper permissions for all browsers","status":"passed","title":"should have proper permissions for all browsers","duration":2,"failureMessages":[]},{"ancestorTitles":["","Browser Compatibility Tests","Manifest V3 Compatibility"],"fullName":" Browser Compatibility Tests Manifest V3 Compatibility should have valid content script configuration","status":"passed","title":"should have valid content script configuration","duration":2,"failureMessages":[]},{"ancestorTitles":["","Browser Compatibility Tests","Cross-Browser Storage Compatibility","Chrome Storage Tests"],"fullName":" Browser Compatibility Tests Cross-Browser Storage Compatibility Chrome Storage Tests should save and retrieve data using chrome.storage.sync","status":"passed","title":"should save and retrieve data using chrome.storage.sync","duration":23,"failureMessages":[]},{"ancestorTitles":["","Browser Compatibility Tests","Cross-Browser Storage Compatibility","Chrome Storage Tests"],"fullName":" Browser Compatibility Tests Cross-Browser Storage Compatibility Chrome Storage Tests should handle storage quota limits gracefully","status":"passed","title":"should handle storage quota limits gracefully","duration":15,"failureMessages":[]},{"ancestorTitles":["","Browser Compatibility Tests","Cross-Browser Storage Compatibility","Brave Storage Tests"],"fullName":" Browser Compatibility Tests Cross-Browser Storage Compatibility Brave Storage Tests should save and retrieve data using chrome.storage.sync","status":"passed","title":"should save and retrieve data using chrome.storage.sync","duration":17,"failureMessages":[]},{"ancestorTitles":["","Browser Compatibility Tests","Cross-Browser Storage Compatibility","Brave Storage Tests"],"fullName":" Browser Compatibility Tests Cross-Browser Storage Compatibility Brave Storage Tests should handle storage quota limits gracefully","status":"passed","title":"should handle storage quota limits gracefully","duration":14,"failureMessages":[]},{"ancestorTitles":["","Browser Compatibility Tests","Cross-Browser Storage Compatibility","Edge Storage Tests"],"fullName":" Browser Compatibility Tests Cross-Browser Storage Compatibility Edge Storage Tests should save and retrieve data using chrome.storage.sync","status":"passed","title":"should save and retrieve data using chrome.storage.sync","duration":15,"failureMessages":[]},{"ancestorTitles":["","Browser Compatibility Tests","Cross-Browser Storage Compatibility","Edge Storage Tests"],"fullName":" Browser Compatibility Tests Cross-Browser Storage Compatibility Edge Storage Tests should handle storage quota limits gracefully","status":"passed","title":"should handle storage quota limits gracefully","duration":14,"failureMessages":[]},{"ancestorTitles":["","Browser Compatibility Tests","Cross-Browser Keyboard Shortcuts","Chrome Keyboard Shortcuts"],"fullName":" Browser Compatibility Tests Cross-Browser Keyboard Shortcuts Chrome Keyboard Shortcuts should register keyboard shortcuts properly","status":"passed","title":"should register keyboard shortcuts properly","duration":3,"failureMessages":[]},{"ancestorTitles":["","Browser Compatibility Tests","Cross-Browser Keyboard Shortcuts","Chrome Keyboard Shortcuts"],"fullName":" Browser Compatibility Tests Cross-Browser Keyboard Shortcuts Chrome Keyboard Shortcuts should handle Alt+Shift+F shortcut trigger","status":"passed","title":"should handle Alt+Shift+F shortcut trigger","duration":1,"failureMessages":[]},{"ancestorTitles":["","Browser Compatibility Tests","Cross-Browser Keyboard Shortcuts","Brave Keyboard Shortcuts"],"fullName":" Browser Compatibility Tests Cross-Browser Keyboard Shortcuts Brave Keyboard Shortcuts should register keyboard shortcuts properly","status":"passed","title":"should register keyboard shortcuts properly","duration":1,"failureMessages":[]},{"ancestorTitles":["","Browser Compatibility Tests","Cross-Browser Keyboard Shortcuts","Brave Keyboard Shortcuts"],"fullName":" Browser Compatibility Tests Cross-Browser Keyboard Shortcuts Brave Keyboard Shortcuts should handle Alt+Shift+F shortcut trigger","status":"passed","title":"should handle Alt+Shift+F shortcut trigger","duration":1,"failureMessages":[]},{"ancestorTitles":["","Browser Compatibility Tests","Cross-Browser Keyboard Shortcuts","Edge Keyboard Shortcuts"],"fullName":" Browser Compatibility Tests Cross-Browser Keyboard Shortcuts Edge Keyboard Shortcuts should register keyboard shortcuts properly","status":"passed","title":"should register keyboard shortcuts properly","duration":1,"failureMessages":[]},{"ancestorTitles":["","Browser Compatibility Tests","Cross-Browser Keyboard Shortcuts","Edge Keyboard Shortcuts"],"fullName":" Browser Compatibility Tests Cross-Browser Keyboard Shortcuts Edge Keyboard Shortcuts should handle Alt+Shift+F shortcut trigger","status":"passed","title":"should handle Alt+Shift+F shortcut trigger","duration":1,"failureMessages":[]},{"ancestorTitles":["","Browser Compatibility Tests","Cross-Browser Message Passing","Chrome Message Passing"],"fullName":" Browser Compatibility Tests Cross-Browser Message Passing Chrome Message Passing should send messages from popup to content script","status":"passed","title":"should send messages from popup to content script","duration":19,"failureMessages":[]},{"ancestorTitles":["","Browser Compatibility Tests","Cross-Browser Message Passing","Chrome Message Passing"],"fullName":" Browser Compatibility Tests Cross-Browser Message Passing Chrome Message Passing should handle runtime messages between components","status":"passed","title":"should handle runtime messages between components","duration":2,"failureMessages":[]},{"ancestorTitles":["","Browser Compatibility Tests","Cross-Browser Message Passing","Brave Message Passing"],"fullName":" Browser Compatibility Tests Cross-Browser Message Passing Brave Message Passing should send messages from popup to content script","status":"passed","title":"should send messages from popup to content script","duration":13,"failureMessages":[]},{"ancestorTitles":["","Browser Compatibility Tests","Cross-Browser Message Passing","Brave Message Passing"],"fullName":" Browser Compatibility Tests Cross-Browser Message Passing Brave Message Passing should handle runtime messages between components","status":"passed","title":"should handle runtime messages between components","duration":2,"failureMessages":[]},{"ancestorTitles":["","Browser Compatibility Tests","Cross-Browser Message Passing","Edge Message Passing"],"fullName":" Browser Compatibility Tests Cross-Browser Message Passing Edge Message Passing should send messages from popup to content script","status":"passed","title":"should send messages from popup to content script","duration":14,"failureMessages":[]},{"ancestorTitles":["","Browser Compatibility Tests","Cross-Browser Message Passing","Edge Message Passing"],"fullName":" Browser Compatibility Tests Cross-Browser Message Passing Edge Message Passing should handle runtime messages between components","status":"passed","title":"should handle runtime messages between components","duration":2,"failureMessages":[]}],"startTime":1754863313228,"endTime":1754863313406,"status":"passed","message":"","name":"C:/Users/msaya/Downloads/AutoFill/test/browser-compatibility.test.js"},{"assertionResults":[{"ancestorTitles":["","Cross-Browser Form Detection","Chrome Browser"],"fullName":" Cross-Browser Form Detection Chrome Browser should detect form fields using multiple strategies","status":"passed","title":"should detect form fields using multiple strategies","duration":6,"failureMessages":[]},{"ancestorTitles":["","Cross-Browser Form Detection","Chrome Browser"],"fullName":" Cross-Browser Form Detection Chrome Browser should handle different input types correctly","status":"passed","title":"should handle different input types correctly","duration":3,"failureMessages":[]},{"ancestorTitles":["","Cross-Browser Form Detection","Chrome Browser"],"fullName":" Cross-Browser Form Detection Chrome Browser should trigger appropriate events after filling","status":"passed","title":"should trigger appropriate events after filling","duration":3,"failureMessages":[]},{"ancestorTitles":["","Cross-Browser Form Detection","Chrome Browser"],"fullName":" Cross-Browser Form Detection Chrome Browser should handle dynamic forms and SPAs","status":"passed","title":"should handle dynamic forms and SPAs","duration":2,"failureMessages":[]},{"ancestorTitles":["","Cross-Browser Form Detection","Chrome Browser"],"fullName":" Cross-Browser Form Detection Chrome Browser should respect browser-specific form validation","status":"passed","title":"should respect browser-specific form validation","duration":2,"failureMessages":[]},{"ancestorTitles":["","Cross-Browser Form Detection","Brave Browser"],"fullName":" Cross-Browser Form Detection Brave Browser should detect form fields using multiple strategies","status":"passed","title":"should detect form fields using multiple strategies","duration":2,"failureMessages":[]},{"ancestorTitles":["","Cross-Browser Form Detection","Brave Browser"],"fullName":" Cross-Browser Form Detection Brave Browser should handle different input types correctly","status":"passed","title":"should handle different input types correctly","duration":2,"failureMessages":[]},{"ancestorTitles":["","Cross-Browser Form Detection","Brave Browser"],"fullName":" Cross-Browser Form Detection Brave Browser should trigger appropriate events after filling","status":"passed","title":"should trigger appropriate events after filling","duration":1,"failureMessages":[]},{"ancestorTitles":["","Cross-Browser Form Detection","Brave Browser"],"fullName":" Cross-Browser Form Detection Brave Browser should handle dynamic forms and SPAs","status":"passed","title":"should handle dynamic forms and SPAs","duration":1,"failureMessages":[]},{"ancestorTitles":["","Cross-Browser Form Detection","Brave Browser"],"fullName":" Cross-Browser Form Detection Brave Browser should respect browser-specific form validation","status":"passed","title":"should respect browser-specific form validation","duration":1,"failureMessages":[]},{"ancestorTitles":["","Cross-Browser Form Detection","Edge Browser"],"fullName":" Cross-Browser Form Detection Edge Browser should detect form fields using multiple strategies","status":"passed","title":"should detect form fields using multiple strategies","duration":0,"failureMessages":[]},{"ancestorTitles":["","Cross-Browser Form Detection","Edge Browser"],"fullName":" Cross-Browser Form Detection Edge Browser should handle different input types correctly","status":"passed","title":"should handle different input types correctly","duration":1,"failureMessages":[]},{"ancestorTitles":["","Cross-Browser Form Detection","Edge Browser"],"fullName":" Cross-Browser Form Detection Edge Browser should trigger appropriate events after filling","status":"passed","title":"should trigger appropriate events after filling","duration":1,"failureMessages":[]},{"ancestorTitles":["","Cross-Browser Form Detection","Edge Browser"],"fullName":" Cross-Browser Form Detection Edge Browser should handle dynamic forms and SPAs","status":"passed","title":"should handle dynamic forms and SPAs","duration":2,"failureMessages":[]},{"ancestorTitles":["","Cross-Browser Form Detection","Edge Browser"],"fullName":" Cross-Browser Form Detection Edge Browser should respect browser-specific form validation","status":"passed","title":"should respect browser-specific form validation","duration":1,"failureMessages":[]},{"ancestorTitles":["","Cross-Browser Form Detection","Browser-Specific Edge Cases"],"fullName":" Cross-Browser Form Detection Browser-Specific Edge Cases should handle Chrome-specific form behaviors","status":"passed","title":"should handle Chrome-specific form behaviors","duration":1,"failureMessages":[]},{"ancestorTitles":["","Cross-Browser Form Detection","Browser-Specific Edge Cases"],"fullName":" Cross-Browser Form Detection Browser-Specific Edge Cases should handle Brave privacy features","status":"passed","title":"should handle Brave privacy features","duration":2,"failureMessages":[]},{"ancestorTitles":["","Cross-Browser Form Detection","Browser-Specific Edge Cases"],"fullName":" Cross-Browser Form Detection Browser-Specific Edge Cases should handle Edge compatibility mode","status":"passed","title":"should handle Edge compatibility mode","duration":1,"failureMessages":[]}],"startTime":1754863313225,"endTime":1754863313266,"status":"passed","message":"","name":"C:/Users/msaya/Downloads/AutoFill/test/cross-browser-form-detection.test.js"},{"assertionResults":[{"ancestorTitles":["","Cross-Browser Keyboard Shortcuts","Chrome Keyboard Shortcuts"],"fullName":" Cross-Browser Keyboard Shortcuts Chrome Keyboard Shortcuts should register keyboard shortcut listener","status":"passed","title":"should register keyboard shortcut listener","duration":8,"failureMessages":[]},{"ancestorTitles":["","Cross-Browser Keyboard Shortcuts","Chrome Keyboard Shortcuts"],"fullName":" Cross-Browser Keyboard Shortcuts Chrome Keyboard Shortcuts should handle autofill command trigger","status":"passed","title":"should handle autofill command trigger","duration":3,"failureMessages":[]},{"ancestorTitles":["","Cross-Browser Keyboard Shortcuts","Chrome Keyboard Shortcuts"],"fullName":" Cross-Browser Keyboard Shortcuts Chrome Keyboard Shortcuts should retrieve available commands","status":"passed","title":"should retrieve available commands","duration":2,"failureMessages":[]},{"ancestorTitles":["","Cross-Browser Keyboard Shortcuts","Chrome Keyboard Shortcuts"],"fullName":" Cross-Browser Keyboard Shortcuts Chrome Keyboard Shortcuts should handle command execution with tab messaging","status":"passed","title":"should handle command execution with tab messaging","duration":2,"failureMessages":[]},{"ancestorTitles":["","Cross-Browser Keyboard Shortcuts","Chrome Keyboard Shortcuts"],"fullName":" Cross-Browser Keyboard Shortcuts Chrome Keyboard Shortcuts should work on windows operating system","status":"passed","title":"should work on windows operating system","duration":1,"failureMessages":[]},{"ancestorTitles":["","Cross-Browser Keyboard Shortcuts","Chrome Keyboard Shortcuts"],"fullName":" Cross-Browser Keyboard Shortcuts Chrome Keyboard Shortcuts should work on mac operating system","status":"passed","title":"should work on mac operating system","duration":3,"failureMessages":[]},{"ancestorTitles":["","Cross-Browser Keyboard Shortcuts","Chrome Keyboard Shortcuts"],"fullName":" Cross-Browser Keyboard Shortcuts Chrome Keyboard Shortcuts should work on linux operating system","status":"passed","title":"should work on linux operating system","duration":3,"failureMessages":[]},{"ancestorTitles":["","Cross-Browser Keyboard Shortcuts","Chrome Keyboard Shortcuts"],"fullName":" Cross-Browser Keyboard Shortcuts Chrome Keyboard Shortcuts should handle shortcut conflicts gracefully","status":"passed","title":"should handle shortcut conflicts gracefully","duration":1,"failureMessages":[]},{"ancestorTitles":["","Cross-Browser Keyboard Shortcuts","Chrome Keyboard Shortcuts"],"fullName":" Cross-Browser Keyboard Shortcuts Chrome Keyboard Shortcuts should support multiple command listeners","status":"passed","title":"should support multiple command listeners","duration":1,"failureMessages":[]},{"ancestorTitles":["","Cross-Browser Keyboard Shortcuts","Chrome Keyboard Shortcuts"],"fullName":" Cross-Browser Keyboard Shortcuts Chrome Keyboard Shortcuts should handle listener removal","status":"passed","title":"should handle listener removal","duration":2,"failureMessages":[]},{"ancestorTitles":["","Cross-Browser Keyboard Shortcuts","Brave Keyboard Shortcuts"],"fullName":" Cross-Browser Keyboard Shortcuts Brave Keyboard Shortcuts should register keyboard shortcut listener","status":"passed","title":"should register keyboard shortcut listener","duration":1,"failureMessages":[]},{"ancestorTitles":["","Cross-Browser Keyboard Shortcuts","Brave Keyboard Shortcuts"],"fullName":" Cross-Browser Keyboard Shortcuts Brave Keyboard Shortcuts should handle autofill command trigger","status":"passed","title":"should handle autofill command trigger","duration":1,"failureMessages":[]},{"ancestorTitles":["","Cross-Browser Keyboard Shortcuts","Brave Keyboard Shortcuts"],"fullName":" Cross-Browser Keyboard Shortcuts Brave Keyboard Shortcuts should retrieve available commands","status":"passed","title":"should retrieve available commands","duration":1,"failureMessages":[]},{"ancestorTitles":["","Cross-Browser Keyboard Shortcuts","Brave Keyboard Shortcuts"],"fullName":" Cross-Browser Keyboard Shortcuts Brave Keyboard Shortcuts should handle command execution with tab messaging","status":"passed","title":"should handle command execution with tab messaging","duration":1,"failureMessages":[]},{"ancestorTitles":["","Cross-Browser Keyboard Shortcuts","Brave Keyboard Shortcuts"],"fullName":" Cross-Browser Keyboard Shortcuts Brave Keyboard Shortcuts should work on windows operating system","status":"passed","title":"should work on windows operating system","duration":2,"failureMessages":[]},{"ancestorTitles":["","Cross-Browser Keyboard Shortcuts","Brave Keyboard Shortcuts"],"fullName":" Cross-Browser Keyboard Shortcuts Brave Keyboard Shortcuts should work on mac operating system","status":"passed","title":"should work on mac operating system","duration":2,"failureMessages":[]},{"ancestorTitles":["","Cross-Browser Keyboard Shortcuts","Brave Keyboard Shortcuts"],"fullName":" Cross-Browser Keyboard Shortcuts Brave Keyboard Shortcuts should work on linux operating system","status":"passed","title":"should work on linux operating system","duration":3,"failureMessages":[]},{"ancestorTitles":["","Cross-Browser Keyboard Shortcuts","Brave Keyboard Shortcuts"],"fullName":" Cross-Browser Keyboard Shortcuts Brave Keyboard Shortcuts should handle shortcut conflicts gracefully","status":"passed","title":"should handle shortcut conflicts gracefully","duration":3,"failureMessages":[]},{"ancestorTitles":["","Cross-Browser Keyboard Shortcuts","Brave Keyboard Shortcuts"],"fullName":" Cross-Browser Keyboard Shortcuts Brave Keyboard Shortcuts should support multiple command listeners","status":"passed","title":"should support multiple command listeners","duration":6,"failureMessages":[]},{"ancestorTitles":["","Cross-Browser Keyboard Shortcuts","Brave Keyboard Shortcuts"],"fullName":" Cross-Browser Keyboard Shortcuts Brave Keyboard Shortcuts should handle listener removal","status":"passed","title":"should handle listener removal","duration":2,"failureMessages":[]},{"ancestorTitles":["","Cross-Browser Keyboard Shortcuts","Edge Keyboard Shortcuts"],"fullName":" Cross-Browser Keyboard Shortcuts Edge Keyboard Shortcuts should register keyboard shortcut listener","status":"passed","title":"should register keyboard shortcut listener","duration":1,"failureMessages":[]},{"ancestorTitles":["","Cross-Browser Keyboard Shortcuts","Edge Keyboard Shortcuts"],"fullName":" Cross-Browser Keyboard Shortcuts Edge Keyboard Shortcuts should handle autofill command trigger","status":"passed","title":"should handle autofill command trigger","duration":1,"failureMessages":[]},{"ancestorTitles":["","Cross-Browser Keyboard Shortcuts","Edge Keyboard Shortcuts"],"fullName":" Cross-Browser Keyboard Shortcuts Edge Keyboard Shortcuts should retrieve available commands","status":"passed","title":"should retrieve available commands","duration":1,"failureMessages":[]},{"ancestorTitles":["","Cross-Browser Keyboard Shortcuts","Edge Keyboard Shortcuts"],"fullName":" Cross-Browser Keyboard Shortcuts Edge Keyboard Shortcuts should handle command execution with tab messaging","status":"passed","title":"should handle command execution with tab messaging","duration":2,"failureMessages":[]},{"ancestorTitles":["","Cross-Browser Keyboard Shortcuts","Edge Keyboard Shortcuts"],"fullName":" Cross-Browser Keyboard Shortcuts Edge Keyboard Shortcuts should work on windows operating system","status":"passed","title":"should work on windows operating system","duration":1,"failureMessages":[]},{"ancestorTitles":["","Cross-Browser Keyboard Shortcuts","Edge Keyboard Shortcuts"],"fullName":" Cross-Browser Keyboard Shortcuts Edge Keyboard Shortcuts should work on mac operating system","status":"passed","title":"should work on mac operating system","duration":1,"failureMessages":[]},{"ancestorTitles":["","Cross-Browser Keyboard Shortcuts","Edge Keyboard Shortcuts"],"fullName":" Cross-Browser Keyboard Shortcuts Edge Keyboard Shortcuts should work on linux operating system","status":"passed","title":"should work on linux operating system","duration":1,"failureMessages":[]},{"ancestorTitles":["","Cross-Browser Keyboard Shortcuts","Edge Keyboard Shortcuts"],"fullName":" Cross-Browser Keyboard Shortcuts Edge Keyboard Shortcuts should handle shortcut conflicts gracefully","status":"passed","title":"should handle shortcut conflicts gracefully","duration":2,"failureMessages":[]},{"ancestorTitles":["","Cross-Browser Keyboard Shortcuts","Edge Keyboard Shortcuts"],"fullName":" Cross-Browser Keyboard Shortcuts Edge Keyboard Shortcuts should support multiple command listeners","status":"passed","title":"should support multiple command listeners","duration":3,"failureMessages":[]},{"ancestorTitles":["","Cross-Browser Keyboard Shortcuts","Edge Keyboard Shortcuts"],"fullName":" Cross-Browser Keyboard Shortcuts Edge Keyboard Shortcuts should handle listener removal","status":"passed","title":"should handle listener removal","duration":2,"failureMessages":[]},{"ancestorTitles":["","Cross-Browser Keyboard Shortcuts","Cross-Browser Shortcut Compatibility"],"fullName":" Cross-Browser Keyboard Shortcuts Cross-Browser Shortcut Compatibility should use consistent shortcut format across browsers","status":"passed","title":"should use consistent shortcut format across browsers","duration":2,"failureMessages":[]},{"ancestorTitles":["","Cross-Browser Keyboard Shortcuts","Cross-Browser Shortcut Compatibility"],"fullName":" Cross-Browser Keyboard Shortcuts Cross-Browser Shortcut Compatibility should handle browser-specific modifier keys","status":"passed","title":"should handle browser-specific modifier keys","duration":1,"failureMessages":[]},{"ancestorTitles":["","Cross-Browser Keyboard Shortcuts","Cross-Browser Shortcut Compatibility"],"fullName":" Cross-Browser Keyboard Shortcuts Cross-Browser Shortcut Compatibility should validate shortcut key combinations","status":"passed","title":"should validate shortcut key combinations","duration":1,"failureMessages":[]},{"ancestorTitles":["","Cross-Browser Keyboard Shortcuts","Shortcut Error Handling"],"fullName":" Cross-Browser Keyboard Shortcuts Shortcut Error Handling should handle disabled shortcuts gracefully","status":"passed","title":"should handle disabled shortcuts gracefully","duration":2,"failureMessages":[]},{"ancestorTitles":["","Cross-Browser Keyboard Shortcuts","Shortcut Error Handling"],"fullName":" Cross-Browser Keyboard Shortcuts Shortcut Error Handling should handle command API unavailability","status":"passed","title":"should handle command API unavailability","duration":6,"failureMessages":[]}],"startTime":1754863313229,"endTime":1754863313318,"status":"passed","message":"","name":"C:/Users/msaya/Downloads/AutoFill/test/cross-browser-shortcuts.test.js"},{"assertionResults":[{"ancestorTitles":["","Cross-Browser Data Synchronization","Chrome Storage Sync"],"fullName":" Cross-Browser Data Synchronization Chrome Storage Sync should save profile data successfully","status":"passed","title":"should save profile data successfully","duration":22,"failureMessages":[]},{"ancestorTitles":["","Cross-Browser Data Synchronization","Chrome Storage Sync"],"fullName":" Cross-Browser Data Synchronization Chrome Storage Sync should retrieve profile data successfully","status":"passed","title":"should retrieve profile data successfully","duration":13,"failureMessages":[]},{"ancestorTitles":["","Cross-Browser Data Synchronization","Chrome Storage Sync"],"fullName":" Cross-Browser Data Synchronization Chrome Storage Sync should handle storage quota limits","status":"passed","title":"should handle storage quota limits","duration":15,"failureMessages":[]},{"ancestorTitles":["","Cross-Browser Data Synchronization","Chrome Storage Sync"],"fullName":" Cross-Browser Data Synchronization Chrome Storage Sync should handle network connectivity issues","status":"passed","title":"should handle network connectivity issues","duration":16,"failureMessages":[]},{"ancestorTitles":["","Cross-Browser Data Synchronization","Chrome Storage Sync"],"fullName":" Cross-Browser Data Synchronization Chrome Storage Sync should respect write operation limits","status":"passed","title":"should respect write operation limits","duration":17,"failureMessages":[]},{"ancestorTitles":["","Cross-Browser Data Synchronization","Chrome Storage Sync"],"fullName":" Cross-Browser Data Synchronization Chrome Storage Sync should handle data corruption gracefully","status":"passed","title":"should handle data corruption gracefully","duration":2,"failureMessages":[]},{"ancestorTitles":["","Cross-Browser Data Synchronization","Chrome Storage Sync"],"fullName":" Cross-Browser Data Synchronization Chrome Storage Sync should sync data across browser instances","status":"passed","title":"should sync data across browser instances","duration":26,"failureMessages":[]},{"ancestorTitles":["","Cross-Browser Data Synchronization","Brave Storage Sync"],"fullName":" Cross-Browser Data Synchronization Brave Storage Sync should save profile data successfully","status":"passed","title":"should save profile data successfully","duration":16,"failureMessages":[]},{"ancestorTitles":["","Cross-Browser Data Synchronization","Brave Storage Sync"],"fullName":" Cross-Browser Data Synchronization Brave Storage Sync should retrieve profile data successfully","status":"passed","title":"should retrieve profile data successfully","duration":15,"failureMessages":[]},{"ancestorTitles":["","Cross-Browser Data Synchronization","Brave Storage Sync"],"fullName":" Cross-Browser Data Synchronization Brave Storage Sync should handle storage quota limits","status":"passed","title":"should handle storage quota limits","duration":15,"failureMessages":[]},{"ancestorTitles":["","Cross-Browser Data Synchronization","Brave Storage Sync"],"fullName":" Cross-Browser Data Synchronization Brave Storage Sync should handle network connectivity issues","status":"passed","title":"should handle network connectivity issues","duration":15,"failureMessages":[]},{"ancestorTitles":["","Cross-Browser Data Synchronization","Brave Storage Sync"],"fullName":" Cross-Browser Data Synchronization Brave Storage Sync should respect write operation limits","status":"passed","title":"should respect write operation limits","duration":6,"failureMessages":[]},{"ancestorTitles":["","Cross-Browser Data Synchronization","Brave Storage Sync"],"fullName":" Cross-Browser Data Synchronization Brave Storage Sync should handle data corruption gracefully","status":"passed","title":"should handle data corruption gracefully","duration":9,"failureMessages":[]},{"ancestorTitles":["","Cross-Browser Data Synchronization","Brave Storage Sync"],"fullName":" Cross-Browser Data Synchronization Brave Storage Sync should sync data across browser instances","status":"passed","title":"should sync data across browser instances","duration":15,"failureMessages":[]},{"ancestorTitles":["","Cross-Browser Data Synchronization","Edge Storage Sync"],"fullName":" Cross-Browser Data Synchronization Edge Storage Sync should save profile data successfully","status":"passed","title":"should save profile data successfully","duration":15,"failureMessages":[]},{"ancestorTitles":["","Cross-Browser Data Synchronization","Edge Storage Sync"],"fullName":" Cross-Browser Data Synchronization Edge Storage Sync should retrieve profile data successfully","status":"passed","title":"should retrieve profile data successfully","duration":16,"failureMessages":[]},{"ancestorTitles":["","Cross-Browser Data Synchronization","Edge Storage Sync"],"fullName":" Cross-Browser Data Synchronization Edge Storage Sync should handle storage quota limits","status":"passed","title":"should handle storage quota limits","duration":17,"failureMessages":[]},{"ancestorTitles":["","Cross-Browser Data Synchronization","Edge Storage Sync"],"fullName":" Cross-Browser Data Synchronization Edge Storage Sync should handle network connectivity issues","status":"passed","title":"should handle network connectivity issues","duration":15,"failureMessages":[]},{"ancestorTitles":["","Cross-Browser Data Synchronization","Edge Storage Sync"],"fullName":" Cross-Browser Data Synchronization Edge Storage Sync should respect write operation limits","status":"passed","title":"should respect write operation limits","duration":16,"failureMessages":[]},{"ancestorTitles":["","Cross-Browser Data Synchronization","Edge Storage Sync"],"fullName":" Cross-Browser Data Synchronization Edge Storage Sync should handle data corruption gracefully","status":"passed","title":"should handle data corruption gracefully","duration":16,"failureMessages":[]},{"ancestorTitles":["","Cross-Browser Data Synchronization","Edge Storage Sync"],"fullName":" Cross-Browser Data Synchronization Edge Storage Sync should sync data across browser instances","status":"passed","title":"should sync data across browser instances","duration":31,"failureMessages":[]},{"ancestorTitles":["","Cross-Browser Data Synchronization","Cross-Browser Sync Compatibility"],"fullName":" Cross-Browser Data Synchronization Cross-Browser Sync Compatibility should maintain data format consistency across browsers","status":"passed","title":"should maintain data format consistency across browsers","duration":1,"failureMessages":[]},{"ancestorTitles":["","Cross-Browser Data Synchronization","Cross-Browser Sync Compatibility"],"fullName":" Cross-Browser Data Synchronization Cross-Browser Sync Compatibility should handle browser-specific storage limitations","status":"passed","title":"should handle browser-specific storage limitations","duration":1,"failureMessages":[]}],"startTime":1754863313228,"endTime":1754863313563,"status":"passed","message":"","name":"C:/Users/msaya/Downloads/AutoFill/test/cross-browser-sync.test.js"},{"assertionResults":[{"ancestorTitles":["","Task 17: Browser Compatibility Validation","Requirement 7.1: Browser Compatibility"],"fullName":" Task 17: Browser Compatibility Validation Requirement 7.1: Browser Compatibility should test full functionality on Chrome, Brave, and Edge browsers","status":"passed","title":"should test full functionality on Chrome, Brave, and Edge browsers","duration":5,"failureMessages":[]},{"ancestorTitles":["","Task 17: Browser Compatibility Validation","Requirement 7.2: Manifest V3 Compatibility"],"fullName":" Task 17: Browser Compatibility Validation Requirement 7.2: Manifest V3 Compatibility should verify manifest V3 compatibility and permission handling","status":"passed","title":"should verify manifest V3 compatibility and permission handling","duration":3,"failureMessages":[]},{"ancestorTitles":["","Task 17: Browser Compatibility Validation","Requirement 7.4: Cross-Browser Data Synchronization"],"fullName":" Task 17: Browser Compatibility Validation Requirement 7.4: Cross-Browser Data Synchronization should test cross-browser data synchronization using chrome.storage.sync","status":"passed","title":"should test cross-browser data synchronization using chrome.storage.sync","duration":55,"failureMessages":[]},{"ancestorTitles":["","Task 17: Browser Compatibility Validation","Keyboard Shortcuts Validation"],"fullName":" Task 17: Browser Compatibility Validation Keyboard Shortcuts Validation should validate keyboard shortcuts work across different browsers","status":"passed","title":"should validate keyboard shortcuts work across different browsers","duration":3,"failureMessages":[]},{"ancestorTitles":["","Task 17: Browser Compatibility Validation","Integration Test Summary"],"fullName":" Task 17: Browser Compatibility Validation Integration Test Summary should provide comprehensive browser compatibility confirmation","status":"passed","title":"should provide comprehensive browser compatibility confirmation","duration":2,"failureMessages":[]}],"startTime":1754863313182,"endTime":1754863313251,"status":"passed","message":"","name":"C:/Users/msaya/Downloads/AutoFill/test/final-browser-compatibility-validation.test.js"},{"assertionResults":[{"ancestorTitles":["","Enhanced Form Detection","Select Dropdown Detection"],"fullName":" Enhanced Form Detection Select Dropdown Detection should detect and extract select dropdown options","status":"passed","title":"should detect and extract select dropdown options","duration":42,"failureMessages":[]},{"ancestorTitles":["","Enhanced Form Detection","Select Dropdown Detection"],"fullName":" Enhanced Form Detection Select Dropdown Detection should fill select dropdown with matching value","status":"passed","title":"should fill select dropdown with matching value","duration":15,"failureMessages":[]},{"ancestorTitles":["","Enhanced Form Detection","Select Dropdown Detection"],"fullName":" Enhanced Form Detection Select Dropdown Detection should fill select dropdown with partial text match","status":"passed","title":"should fill select dropdown with partial text match","duration":10,"failureMessages":[]},{"ancestorTitles":["","Enhanced Form Detection","Radio Button Detection"],"fullName":" Enhanced Form Detection Radio Button Detection should fill radio button with matching value","status":"passed","title":"should fill radio button with matching value","duration":13,"failureMessages":[]},{"ancestorTitles":["","Enhanced Form Detection","Job Portal Specific Patterns"],"fullName":" Enhanced Form Detection Job Portal Specific Patterns should recognize job portal field patterns with high score","status":"passed","title":"should recognize job portal field patterns with high score","duration":20,"failureMessages":[]},{"ancestorTitles":["","Enhanced Form Detection","Job Portal Specific Patterns"],"fullName":" Enhanced Form Detection Job Portal Specific Patterns should extract data attributes for better matching","status":"passed","title":"should extract data attributes for better matching","duration":14,"failureMessages":[]},{"ancestorTitles":["","Enhanced Form Detection","Checkbox Handling"],"fullName":" Enhanced Form Detection Checkbox Handling should fill checkbox with boolean values","status":"passed","title":"should fill checkbox with boolean values","duration":10,"failureMessages":[]},{"ancestorTitles":["","Enhanced Form Detection","Enhanced Field Detection"],"fullName":" Enhanced Form Detection Enhanced Field Detection should detect multiple field types in one form","status":"passed","title":"should detect multiple field types in one form","duration":23,"failureMessages":[]}],"startTime":1754863313198,"endTime":1754863313347,"status":"passed","message":"","name":"C:/Users/msaya/Downloads/AutoFill/test/form-detection-enhanced.test.js"},{"assertionResults":[{"ancestorTitles":["","Performance Monitoring","Performance Metrics Collection"],"fullName":" Performance Monitoring Performance Metrics Collection should initialize performance metrics","status":"passed","title":"should initialize performance metrics","duration":19,"failureMessages":[]},{"ancestorTitles":["","Performance Monitoring","Performance Metrics Collection"],"fullName":" Performance Monitoring Performance Metrics Collection should track form detection time","status":"passed","title":"should track form detection time","duration":16,"failureMessages":[]},{"ancestorTitles":["","Performance Monitoring","Performance Metrics Collection"],"fullName":" Performance Monitoring Performance Metrics Collection should track field matching time","status":"passed","title":"should track field matching time","duration":8,"failureMessages":[]},{"ancestorTitles":["","Performance Monitoring","Performance Metrics Collection"],"fullName":" Performance Monitoring Performance Metrics Collection should provide performance timer functionality","status":"passed","title":"should provide performance timer functionality","duration":9,"failureMessages":[]},{"ancestorTitles":["","Performance Monitoring","Debug Logging"],"fullName":" Performance Monitoring Debug Logging should enable debug mode when URL parameter is present","status":"passed","title":"should enable debug mode when URL parameter is present","duration":11,"failureMessages":[]},{"ancestorTitles":["","Performance Monitoring","Debug Logging"],"fullName":" Performance Monitoring Debug Logging should provide debug logging functionality","status":"passed","title":"should provide debug logging functionality","duration":16,"failureMessages":[]},{"ancestorTitles":["","Performance Monitoring","Debug Logging"],"fullName":" Performance Monitoring Debug Logging should respect log levels","status":"passed","title":"should respect log levels","duration":12,"failureMessages":[]},{"ancestorTitles":["","Performance Monitoring","Caching System"],"fullName":" Performance Monitoring Caching System should initialize caches","status":"passed","title":"should initialize caches","duration":16,"failureMessages":[]},{"ancestorTitles":["","Performance Monitoring","Caching System"],"fullName":" Performance Monitoring Caching System should generate cache keys","status":"passed","title":"should generate cache keys","duration":24,"failureMessages":[]},{"ancestorTitles":["","Performance Monitoring","Caching System"],"fullName":" Performance Monitoring Caching System should clear expired caches","status":"passed","title":"should clear expired caches","duration":17,"failureMessages":[]},{"ancestorTitles":["","Performance Monitoring","Performance Optimization Features"],"fullName":" Performance Monitoring Performance Optimization Features should track performance metrics during operations","status":"passed","title":"should track performance metrics during operations","duration":12,"failureMessages":[]},{"ancestorTitles":["","Performance Monitoring","Performance Optimization Features"],"fullName":" Performance Monitoring Performance Optimization Features should provide debug configuration","status":"passed","title":"should provide debug configuration","duration":7,"failureMessages":[]},{"ancestorTitles":["","Performance Monitoring","Performance Optimization Features"],"fullName":" Performance Monitoring Performance Optimization Features should support caching for performance","status":"passed","title":"should support caching for performance","duration":8,"failureMessages":[]},{"ancestorTitles":["","Performance Monitoring","Optimized Algorithms"],"fullName":" Performance Monitoring Optimized Algorithms should use optimized field matching","status":"passed","title":"should use optimized field matching","duration":14,"failureMessages":[]},{"ancestorTitles":["","Performance Monitoring","Optimized Algorithms"],"fullName":" Performance Monitoring Optimized Algorithms should use optimized custom field scoring","status":"passed","title":"should use optimized custom field scoring","duration":6,"failureMessages":[]},{"ancestorTitles":["","Performance Monitoring","Optimized Algorithms"],"fullName":" Performance Monitoring Optimized Algorithms should use optimized job portal scoring","status":"passed","title":"should use optimized job portal scoring","duration":5,"failureMessages":[]}],"startTime":1754863313199,"endTime":1754863313401,"status":"passed","message":"","name":"C:/Users/msaya/Downloads/AutoFill/test/performance-monitoring.test.js"},{"assertionResults":[{"ancestorTitles":["","Profile Management","Profile Creation"],"fullName":" Profile Management Profile Creation should create a new profile with default data structure","status":"failed","title":"should create a new profile with default data structure","duration":12,"failureMessages":["expected \"spy\" to be called with arguments: [ { profiles: ObjectContaining{…} } ]\u001b[90m\n\nReceived: \n\n\u001b[39m\u001b[90m\n\nNumber of calls: \u001b[1m0\u001b[22m\n\u001b[39m"],"location":{"line":77,"column":36}},{"ancestorTitles":["","Profile Management","Profile Creation"],"fullName":" Profile Management Profile Creation should validate profile name length","status":"failed","title":"should validate profile name length","duration":2,"failureMessages":["expected \"spy\" to be called at least once"],"location":{"line":110,"column":36}},{"ancestorTitles":["","Profile Management","Profile Creation"],"fullName":" Profile Management Profile Creation should handle profile creation with custom fields","status":"failed","title":"should handle profile creation with custom fields","duration":1,"failureMessages":["expected \"spy\" to be called with arguments: [ { profiles: ObjectContaining{…} } ]\u001b[90m\n\nReceived: \n\n\u001b[39m\u001b[90m\n\nNumber of calls: \u001b[1m0\u001b[22m\n\u001b[39m"],"location":{"line":127,"column":36}},{"ancestorTitles":["","Profile Management","Profile Validation"],"fullName":" Profile Management Profile Validation should validate email format in profile data","status":"passed","title":"should validate email format in profile data","duration":3,"failureMessages":[]},{"ancestorTitles":["","Profile Management","Profile Validation"],"fullName":" Profile Management Profile Validation should validate URL format in profile data","status":"passed","title":"should validate URL format in profile data","duration":2,"failureMessages":[]},{"ancestorTitles":["","Profile Management","Profile Validation"],"fullName":" Profile Management Profile Validation should validate phone format in profile data","status":"passed","title":"should validate phone format in profile data","duration":2,"failureMessages":[]},{"ancestorTitles":["","Profile Management","Profile Retrieval"],"fullName":" Profile Management Profile Retrieval should retrieve active profile correctly","status":"failed","title":"should retrieve active profile correctly","duration":8,"failureMessages":["expected { id: 'default', …(2) } to deeply equal { id: 'work', …(2) }"],"location":{"line":201,"column":29}},{"ancestorTitles":["","Profile Management","Profile Retrieval"],"fullName":" Profile Management Profile Retrieval should throw error when active profile does not exist","status":"failed","title":"should throw error when active profile does not exist","duration":4,"failureMessages":["promise resolved \"{ id: 'default', …(2) }\" instead of rejecting"],"location":{"line":221,"column":9}},{"ancestorTitles":["","Profile Management","Error Handling"],"fullName":" Profile Management Error Handling should handle storage errors during profile save","status":"failed","title":"should handle storage errors during profile save","duration":1,"failureMessages":["promise resolved \"undefined\" instead of rejecting"],"location":{"line":236,"column":9}},{"ancestorTitles":["","Profile Management","Error Handling"],"fullName":" Profile Management Error Handling should fallback to local storage when sync fails","status":"failed","title":"should fallback to local storage when sync fails","duration":3,"failureMessages":["expected \"spy\" to be called at least once"],"location":{"line":250,"column":37}}],"startTime":1754863313228,"endTime":1754863313269,"status":"failed","message":"","name":"C:/Users/msaya/Downloads/AutoFill/test/profile-management.test.js"},{"assertionResults":[{"ancestorTitles":["","StorageManager","initialize"],"fullName":" StorageManager initialize should initialize with default data structure when storage is empty","status":"passed","title":"should initialize with default data structure when storage is empty","duration":6,"failureMessages":[]},{"ancestorTitles":["","StorageManager","initialize"],"fullName":" StorageManager initialize should return existing data when storage has valid data","status":"passed","title":"should return existing data when storage has valid data","duration":1,"failureMessages":[]},{"ancestorTitles":["","StorageManager","initialize"],"fullName":" StorageManager initialize should handle storage errors gracefully","status":"failed","title":"should handle storage errors gracefully","duration":15,"failureMessages":["promise resolved \"{ …(2) }\" instead of rejecting"],"location":{"line":44,"column":48}},{"ancestorTitles":["","StorageManager","getAllData"],"fullName":" StorageManager getAllData should return validated and merged data","status":"failed","title":"should return validated and merged data","duration":3,"failureMessages":["expected 'sayantan.22bce8533@vitapstudent.ac.in' to be '' // Object.is equality"],"location":{"line":64,"column":50}},{"ancestorTitles":["","StorageManager","getAllData"],"fullName":" StorageManager getAllData should handle storage retrieval errors","status":"failed","title":"should handle storage retrieval errors","duration":3,"failureMessages":["promise resolved \"{ …(2) }\" instead of rejecting"],"location":{"line":71,"column":48}},{"ancestorTitles":["","StorageManager","getActiveProfile"],"fullName":" StorageManager getActiveProfile should return active profile data","status":"passed","title":"should return active profile data","duration":1,"failureMessages":[]},{"ancestorTitles":["","StorageManager","getActiveProfile"],"fullName":" StorageManager getActiveProfile should throw error when active profile does not exist","status":"passed","title":"should throw error when active profile does not exist","duration":2,"failureMessages":[]},{"ancestorTitles":["","StorageManager","saveProfile"],"fullName":" StorageManager saveProfile should save new profile data","status":"passed","title":"should save new profile data","duration":1,"failureMessages":[]},{"ancestorTitles":["","StorageManager","saveProfile"],"fullName":" StorageManager saveProfile should update existing profile data","status":"passed","title":"should update existing profile data","duration":2,"failureMessages":[]},{"ancestorTitles":["","StorageManager","saveProfile"],"fullName":" StorageManager saveProfile should handle save errors gracefully","status":"passed","title":"should handle save errors gracefully","duration":2,"failureMessages":[]},{"ancestorTitles":["","StorageManager","getSettings"],"fullName":" StorageManager getSettings should return settings data","status":"passed","title":"should return settings data","duration":2,"failureMessages":[]},{"ancestorTitles":["","StorageManager","saveSettings"],"fullName":" StorageManager saveSettings should save validated settings","status":"passed","title":"should save validated settings","duration":2,"failureMessages":[]},{"ancestorTitles":["","StorageManager","validateProfileData"],"fullName":" StorageManager validateProfileData should validate and clean profile data","status":"passed","title":"should validate and clean profile data","duration":2,"failureMessages":[]},{"ancestorTitles":["","StorageManager","validateSettings"],"fullName":" StorageManager validateSettings should validate and clean settings data","status":"passed","title":"should validate and clean settings data","duration":1,"failureMessages":[]},{"ancestorTitles":["","StorageManager","clearAll"],"fullName":" StorageManager clearAll should clear all storage data","status":"passed","title":"should clear all storage data","duration":1,"failureMessages":[]},{"ancestorTitles":["","StorageManager","clearAll"],"fullName":" StorageManager clearAll should handle clear errors gracefully","status":"passed","title":"should handle clear errors gracefully","duration":2,"failureMessages":[]},{"ancestorTitles":["","StorageManager","Password Protection","setupPassword"],"fullName":" StorageManager Password Protection setupPassword should setup password protection with hashed password","status":"passed","title":"should setup password protection with hashed password","duration":3,"failureMessages":[]},{"ancestorTitles":["","StorageManager","Password Protection","setupPassword"],"fullName":" StorageManager Password Protection setupPassword should handle setup errors gracefully","status":"failed","title":"should handle setup errors gracefully","duration":2,"failureMessages":["promise resolved \"undefined\" instead of rejecting"],"location":{"line":323,"column":59}},{"ancestorTitles":["","StorageManager","Password Protection","verifyPassword"],"fullName":" StorageManager Password Protection verifyPassword should return true for correct password","status":"passed","title":"should return true for correct password","duration":1,"failureMessages":[]},{"ancestorTitles":["","StorageManager","Password Protection","verifyPassword"],"fullName":" StorageManager Password Protection verifyPassword should return false for incorrect password","status":"passed","title":"should return false for incorrect password","duration":1,"failureMessages":[]},{"ancestorTitles":["","StorageManager","Password Protection","verifyPassword"],"fullName":" StorageManager Password Protection verifyPassword should return true when password protection is disabled","status":"passed","title":"should return true when password protection is disabled","duration":2,"failureMessages":[]},{"ancestorTitles":["","StorageManager","Password Protection","changePassword"],"fullName":" StorageManager Password Protection changePassword should change password when current password is correct","status":"passed","title":"should change password when current password is correct","duration":3,"failureMessages":[]},{"ancestorTitles":["","StorageManager","Password Protection","changePassword"],"fullName":" StorageManager Password Protection changePassword should return false when current password is incorrect","status":"passed","title":"should return false when current password is incorrect","duration":3,"failureMessages":[]},{"ancestorTitles":["","StorageManager","Password Protection","disablePasswordProtection"],"fullName":" StorageManager Password Protection disablePasswordProtection should disable password protection when password is correct","status":"passed","title":"should disable password protection when password is correct","duration":4,"failureMessages":[]},{"ancestorTitles":["","StorageManager","Password Protection","disablePasswordProtection"],"fullName":" StorageManager Password Protection disablePasswordProtection should return false when password is incorrect","status":"passed","title":"should return false when password is incorrect","duration":4,"failureMessages":[]},{"ancestorTitles":["","StorageManager","PasswordManager","hashPassword"],"fullName":" StorageManager PasswordManager hashPassword should hash password consistently","status":"passed","title":"should hash password consistently","duration":3,"failureMessages":[]},{"ancestorTitles":["","StorageManager","PasswordManager","verifyPassword"],"fullName":" StorageManager PasswordManager verifyPassword should verify password against hash","status":"passed","title":"should verify password against hash","duration":3,"failureMessages":[]},{"ancestorTitles":["","StorageManager","PasswordManager","generateSalt"],"fullName":" StorageManager PasswordManager generateSalt should generate random salt","status":"passed","title":"should generate random salt","duration":3,"failureMessages":[]},{"ancestorTitles":["","StorageManager","PasswordManager","hashPasswordWithSalt"],"fullName":" StorageManager PasswordManager hashPasswordWithSalt should hash password with salt consistently","status":"passed","title":"should hash password with salt consistently","duration":2,"failureMessages":[]},{"ancestorTitles":["","StorageManager","PasswordManager","hashPasswordWithSalt"],"fullName":" StorageManager PasswordManager hashPasswordWithSalt should produce different hashes for different salts","status":"passed","title":"should produce different hashes for different salts","duration":3,"failureMessages":[]}],"startTime":1754863313199,"endTime":1754863313296,"status":"failed","message":"","name":"C:/Users/msaya/Downloads/AutoFill/test/storage.test.js"}]}