{"numTotalTestSuites":127,"numPassedTestSuites":126,"numFailedTestSuites":1,"numPendingTestSuites":0,"numTotalTests":276,"numPassedTests":239,"numFailedTests":37,"numPendingTests":0,"numTodoTests":0,"startTime":1754933764262,"success":false,"testResults":[{"assertionResults":[{"ancestorTitles":["","Background Script Comprehensive Tests","Initialization"],"fullName":" Background Script Comprehensive Tests Initialization should initialize with default configuration","status":"passed","title":"should initialize with default configuration","duration":6,"failureMessages":[]},{"ancestorTitles":["","Background Script Comprehensive Tests","Initialization"],"fullName":" Background Script Comprehensive Tests Initialization should setup event listeners","status":"passed","title":"should setup event listeners","duration":3,"failureMessages":[]},{"ancestorTitles":["","Background Script Comprehensive Tests","Initialization"],"fullName":" Background Script Comprehensive Tests Initialization should handle debug mode configuration","status":"passed","title":"should handle debug mode configuration","duration":3,"failureMessages":[]},{"ancestorTitles":["","Background Script Comprehensive Tests","Keyboard Shortcut Handling"],"fullName":" Background Script Comprehensive Tests Keyboard Shortcut Handling should handle autofill shortcut successfully","status":"passed","title":"should handle autofill shortcut successfully","duration":3,"failureMessages":[]},{"ancestorTitles":["","Background Script Comprehensive Tests","Keyboard Shortcut Handling"],"fullName":" Background Script Comprehensive Tests Keyboard Shortcut Handling should handle no active tab scenario","status":"passed","title":"should handle no active tab scenario","duration":4,"failureMessages":[]},{"ancestorTitles":["","Background Script Comprehensive Tests","Keyboard Shortcut Handling"],"fullName":" Background Script Comprehensive Tests Keyboard Shortcut Handling should handle invalid tab URLs","status":"passed","title":"should handle invalid tab URLs","duration":5,"failureMessages":[]},{"ancestorTitles":["","Background Script Comprehensive Tests","Keyboard Shortcut Handling"],"fullName":" Background Script Comprehensive Tests Keyboard Shortcut Handling should handle storage errors gracefully","status":"passed","title":"should handle storage errors gracefully","duration":3,"failureMessages":[]},{"ancestorTitles":["","Background Script Comprehensive Tests","Keyboard Shortcut Handling"],"fullName":" Background Script Comprehensive Tests Keyboard Shortcut Handling should handle blacklisted domains","status":"passed","title":"should handle blacklisted domains","duration":4,"failureMessages":[]},{"ancestorTitles":["","Background Script Comprehensive Tests","Keyboard Shortcut Handling"],"fullName":" Background Script Comprehensive Tests Keyboard Shortcut Handling should handle content script communication errors","status":"passed","title":"should handle content script communication errors","duration":4,"failureMessages":[]},{"ancestorTitles":["","Background Script Comprehensive Tests","Message Handling"],"fullName":" Background Script Comprehensive Tests Message Handling should handle getActiveTab message","status":"passed","title":"should handle getActiveTab message","duration":7,"failureMessages":[]},{"ancestorTitles":["","Background Script Comprehensive Tests","Message Handling"],"fullName":" Background Script Comprehensive Tests Message Handling should handle checkDomainBlacklist message","status":"passed","title":"should handle checkDomainBlacklist message","duration":4,"failureMessages":[]},{"ancestorTitles":["","Background Script Comprehensive Tests","Message Handling"],"fullName":" Background Script Comprehensive Tests Message Handling should handle triggerAutofill message","status":"passed","title":"should handle triggerAutofill message","duration":2,"failureMessages":[]},{"ancestorTitles":["","Background Script Comprehensive Tests","Message Handling"],"fullName":" Background Script Comprehensive Tests Message Handling should handle unknown message actions","status":"passed","title":"should handle unknown message actions","duration":3,"failureMessages":[]},{"ancestorTitles":["","Background Script Comprehensive Tests","Message Handling"],"fullName":" Background Script Comprehensive Tests Message Handling should handle malformed requests","status":"passed","title":"should handle malformed requests","duration":3,"failureMessages":[]},{"ancestorTitles":["","Background Script Comprehensive Tests","Installation Handling"],"fullName":" Background Script Comprehensive Tests Installation Handling should initialize default data on installation","status":"passed","title":"should initialize default data on installation","duration":4,"failureMessages":[]},{"ancestorTitles":["","Background Script Comprehensive Tests","Installation Handling"],"fullName":" Background Script Comprehensive Tests Installation Handling should not overwrite existing data on installation","status":"passed","title":"should not overwrite existing data on installation","duration":9,"failureMessages":[]},{"ancestorTitles":["","Background Script Comprehensive Tests","Auto-fill Decision Logic"],"fullName":" Background Script Comprehensive Tests Auto-fill Decision Logic should allow auto-fill for valid URLs","status":"passed","title":"should allow auto-fill for valid URLs","duration":3,"failureMessages":[]},{"ancestorTitles":["","Background Script Comprehensive Tests","Auto-fill Decision Logic"],"fullName":" Background Script Comprehensive Tests Auto-fill Decision Logic should reject auto-fill for disabled setting","status":"passed","title":"should reject auto-fill for disabled setting","duration":3,"failureMessages":[]},{"ancestorTitles":["","Background Script Comprehensive Tests","Auto-fill Decision Logic"],"fullName":" Background Script Comprehensive Tests Auto-fill Decision Logic should reject auto-fill for blacklisted domains","status":"passed","title":"should reject auto-fill for blacklisted domains","duration":3,"failureMessages":[]},{"ancestorTitles":["","Background Script Comprehensive Tests","Auto-fill Decision Logic"],"fullName":" Background Script Comprehensive Tests Auto-fill Decision Logic should reject auto-fill for non-HTTP URLs","status":"passed","title":"should reject auto-fill for non-HTTP URLs","duration":4,"failureMessages":[]},{"ancestorTitles":["","Background Script Comprehensive Tests","Performance Monitoring"],"fullName":" Background Script Comprehensive Tests Performance Monitoring should track performance metrics","status":"failed","title":"should track performance metrics","duration":17,"failureMessages":["expected 0 to be greater than 0"],"location":{"line":516,"column":67}},{"ancestorTitles":["","Background Script Comprehensive Tests","Performance Monitoring"],"fullName":" Background Script Comprehensive Tests Performance Monitoring should categorize performance metrics","status":"passed","title":"should categorize performance metrics","duration":5,"failureMessages":[]},{"ancestorTitles":["","Background Script Comprehensive Tests","Performance Monitoring"],"fullName":" Background Script Comprehensive Tests Performance Monitoring should handle performance monitoring errors","status":"passed","title":"should handle performance monitoring errors","duration":3,"failureMessages":[]},{"ancestorTitles":["","Background Script Comprehensive Tests","Error Handling"],"fullName":" Background Script Comprehensive Tests Error Handling should handle Chrome API unavailability","status":"passed","title":"should handle Chrome API unavailability","duration":3,"failureMessages":[]},{"ancestorTitles":["","Background Script Comprehensive Tests","Error Handling"],"fullName":" Background Script Comprehensive Tests Error Handling should handle network connectivity issues","status":"passed","title":"should handle network connectivity issues","duration":3,"failureMessages":[]},{"ancestorTitles":["","Background Script Comprehensive Tests","Error Handling"],"fullName":" Background Script Comprehensive Tests Error Handling should handle tab permission errors","status":"passed","title":"should handle tab permission errors","duration":8,"failureMessages":[]},{"ancestorTitles":["","Background Script Comprehensive Tests","Tab Update Handling"],"fullName":" Background Script Comprehensive Tests Tab Update Handling should trigger auto-fill on page load when enabled","status":"passed","title":"should trigger auto-fill on page load when enabled","duration":4,"failureMessages":[]},{"ancestorTitles":["","Background Script Comprehensive Tests","Tab Update Handling"],"fullName":" Background Script Comprehensive Tests Tab Update Handling should not trigger auto-fill when disabled","status":"passed","title":"should not trigger auto-fill when disabled","duration":3,"failureMessages":[]}],"startTime":1754933765887,"endTime":1754933766027,"status":"failed","message":"","name":"C:/Users/msaya/Downloads/AutoFill/test/background-script-comprehensive.test.js"},{"assertionResults":[{"ancestorTitles":["","Browser Compatibility Tests","Manifest V3 Compatibility"],"fullName":" Browser Compatibility Tests Manifest V3 Compatibility should have valid manifest version 3 structure","status":"passed","title":"should have valid manifest version 3 structure","duration":7,"failureMessages":[]},{"ancestorTitles":["","Browser Compatibility Tests","Manifest V3 Compatibility"],"fullName":" Browser Compatibility Tests Manifest V3 Compatibility should have proper permissions for all browsers","status":"passed","title":"should have proper permissions for all browsers","duration":3,"failureMessages":[]},{"ancestorTitles":["","Browser Compatibility Tests","Manifest V3 Compatibility"],"fullName":" Browser Compatibility Tests Manifest V3 Compatibility should have valid content script configuration","status":"passed","title":"should have valid content script configuration","duration":2,"failureMessages":[]},{"ancestorTitles":["","Browser Compatibility Tests","Cross-Browser Storage Compatibility","Chrome Storage Tests"],"fullName":" Browser Compatibility Tests Cross-Browser Storage Compatibility Chrome Storage Tests should save and retrieve data using chrome.storage.sync","status":"passed","title":"should save and retrieve data using chrome.storage.sync","duration":32,"failureMessages":[]},{"ancestorTitles":["","Browser Compatibility Tests","Cross-Browser Storage Compatibility","Chrome Storage Tests"],"fullName":" Browser Compatibility Tests Cross-Browser Storage Compatibility Chrome Storage Tests should handle storage quota limits gracefully","status":"passed","title":"should handle storage quota limits gracefully","duration":15,"failureMessages":[]},{"ancestorTitles":["","Browser Compatibility Tests","Cross-Browser Storage Compatibility","Brave Storage Tests"],"fullName":" Browser Compatibility Tests Cross-Browser Storage Compatibility Brave Storage Tests should save and retrieve data using chrome.storage.sync","status":"passed","title":"should save and retrieve data using chrome.storage.sync","duration":33,"failureMessages":[]},{"ancestorTitles":["","Browser Compatibility Tests","Cross-Browser Storage Compatibility","Brave Storage Tests"],"fullName":" Browser Compatibility Tests Cross-Browser Storage Compatibility Brave Storage Tests should handle storage quota limits gracefully","status":"passed","title":"should handle storage quota limits gracefully","duration":14,"failureMessages":[]},{"ancestorTitles":["","Browser Compatibility Tests","Cross-Browser Storage Compatibility","Edge Storage Tests"],"fullName":" Browser Compatibility Tests Cross-Browser Storage Compatibility Edge Storage Tests should save and retrieve data using chrome.storage.sync","status":"passed","title":"should save and retrieve data using chrome.storage.sync","duration":28,"failureMessages":[]},{"ancestorTitles":["","Browser Compatibility Tests","Cross-Browser Storage Compatibility","Edge Storage Tests"],"fullName":" Browser Compatibility Tests Cross-Browser Storage Compatibility Edge Storage Tests should handle storage quota limits gracefully","status":"passed","title":"should handle storage quota limits gracefully","duration":13,"failureMessages":[]},{"ancestorTitles":["","Browser Compatibility Tests","Cross-Browser Keyboard Shortcuts","Chrome Keyboard Shortcuts"],"fullName":" Browser Compatibility Tests Cross-Browser Keyboard Shortcuts Chrome Keyboard Shortcuts should register keyboard shortcuts properly","status":"passed","title":"should register keyboard shortcuts properly","duration":3,"failureMessages":[]},{"ancestorTitles":["","Browser Compatibility Tests","Cross-Browser Keyboard Shortcuts","Chrome Keyboard Shortcuts"],"fullName":" Browser Compatibility Tests Cross-Browser Keyboard Shortcuts Chrome Keyboard Shortcuts should handle Alt+Shift+F shortcut trigger","status":"passed","title":"should handle Alt+Shift+F shortcut trigger","duration":2,"failureMessages":[]},{"ancestorTitles":["","Browser Compatibility Tests","Cross-Browser Keyboard Shortcuts","Brave Keyboard Shortcuts"],"fullName":" Browser Compatibility Tests Cross-Browser Keyboard Shortcuts Brave Keyboard Shortcuts should register keyboard shortcuts properly","status":"passed","title":"should register keyboard shortcuts properly","duration":2,"failureMessages":[]},{"ancestorTitles":["","Browser Compatibility Tests","Cross-Browser Keyboard Shortcuts","Brave Keyboard Shortcuts"],"fullName":" Browser Compatibility Tests Cross-Browser Keyboard Shortcuts Brave Keyboard Shortcuts should handle Alt+Shift+F shortcut trigger","status":"passed","title":"should handle Alt+Shift+F shortcut trigger","duration":2,"failureMessages":[]},{"ancestorTitles":["","Browser Compatibility Tests","Cross-Browser Keyboard Shortcuts","Edge Keyboard Shortcuts"],"fullName":" Browser Compatibility Tests Cross-Browser Keyboard Shortcuts Edge Keyboard Shortcuts should register keyboard shortcuts properly","status":"passed","title":"should register keyboard shortcuts properly","duration":3,"failureMessages":[]},{"ancestorTitles":["","Browser Compatibility Tests","Cross-Browser Keyboard Shortcuts","Edge Keyboard Shortcuts"],"fullName":" Browser Compatibility Tests Cross-Browser Keyboard Shortcuts Edge Keyboard Shortcuts should handle Alt+Shift+F shortcut trigger","status":"passed","title":"should handle Alt+Shift+F shortcut trigger","duration":2,"failureMessages":[]},{"ancestorTitles":["","Browser Compatibility Tests","Cross-Browser Message Passing","Chrome Message Passing"],"fullName":" Browser Compatibility Tests Cross-Browser Message Passing Chrome Message Passing should send messages from popup to content script","status":"passed","title":"should send messages from popup to content script","duration":8,"failureMessages":[]},{"ancestorTitles":["","Browser Compatibility Tests","Cross-Browser Message Passing","Chrome Message Passing"],"fullName":" Browser Compatibility Tests Cross-Browser Message Passing Chrome Message Passing should handle runtime messages between components","status":"passed","title":"should handle runtime messages between components","duration":2,"failureMessages":[]},{"ancestorTitles":["","Browser Compatibility Tests","Cross-Browser Message Passing","Brave Message Passing"],"fullName":" Browser Compatibility Tests Cross-Browser Message Passing Brave Message Passing should send messages from popup to content script","status":"passed","title":"should send messages from popup to content script","duration":26,"failureMessages":[]},{"ancestorTitles":["","Browser Compatibility Tests","Cross-Browser Message Passing","Brave Message Passing"],"fullName":" Browser Compatibility Tests Cross-Browser Message Passing Brave Message Passing should handle runtime messages between components","status":"passed","title":"should handle runtime messages between components","duration":3,"failureMessages":[]},{"ancestorTitles":["","Browser Compatibility Tests","Cross-Browser Message Passing","Edge Message Passing"],"fullName":" Browser Compatibility Tests Cross-Browser Message Passing Edge Message Passing should send messages from popup to content script","status":"passed","title":"should send messages from popup to content script","duration":27,"failureMessages":[]},{"ancestorTitles":["","Browser Compatibility Tests","Cross-Browser Message Passing","Edge Message Passing"],"fullName":" Browser Compatibility Tests Cross-Browser Message Passing Edge Message Passing should handle runtime messages between components","status":"passed","title":"should handle runtime messages between components","duration":2,"failureMessages":[]}],"startTime":1754933765971,"endTime":1754933766211,"status":"passed","message":"","name":"C:/Users/msaya/Downloads/AutoFill/test/browser-compatibility.test.js"},{"assertionResults":[{"ancestorTitles":["","Content Script Comprehensive Tests","Form Field Detection"],"fullName":" Content Script Comprehensive Tests Form Field Detection should detect all fillable form fields","status":"failed","title":"should detect all fillable form fields","duration":18,"failureMessages":["AutofillManager is not defined"],"location":{"line":41,"column":5}},{"ancestorTitles":["","Content Script Comprehensive Tests","Form Field Detection"],"fullName":" Content Script Comprehensive Tests Form Field Detection should extract field information correctly","status":"failed","title":"should extract field information correctly","duration":3,"failureMessages":["AutofillManager is not defined"],"location":{"line":41,"column":5}},{"ancestorTitles":["","Content Script Comprehensive Tests","Form Field Detection"],"fullName":" Content Script Comprehensive Tests Form Field Detection should identify non-fillable fields","status":"failed","title":"should identify non-fillable fields","duration":3,"failureMessages":["AutofillManager is not defined"],"location":{"line":41,"column":5}},{"ancestorTitles":["","Content Script Comprehensive Tests","Form Field Detection"],"fullName":" Content Script Comprehensive Tests Form Field Detection should handle hidden fields correctly","status":"failed","title":"should handle hidden fields correctly","duration":7,"failureMessages":["AutofillManager is not defined"],"location":{"line":41,"column":5}},{"ancestorTitles":["","Content Script Comprehensive Tests","Google Forms Detection"],"fullName":" Content Script Comprehensive Tests Google Forms Detection should detect Google Forms environment","status":"failed","title":"should detect Google Forms environment","duration":3,"failureMessages":["AutofillManager is not defined"],"location":{"line":41,"column":5}},{"ancestorTitles":["","Content Script Comprehensive Tests","Google Forms Detection"],"fullName":" Content Script Comprehensive Tests Google Forms Detection should extract Google Forms field information","status":"failed","title":"should extract Google Forms field information","duration":2,"failureMessages":["AutofillManager is not defined"],"location":{"line":41,"column":5}},{"ancestorTitles":["","Content Script Comprehensive Tests","Google Forms Detection"],"fullName":" Content Script Comprehensive Tests Google Forms Detection should handle Google Forms without clear labels","status":"failed","title":"should handle Google Forms without clear labels","duration":2,"failureMessages":["AutofillManager is not defined"],"location":{"line":41,"column":5}},{"ancestorTitles":["","Content Script Comprehensive Tests","Field Matching Algorithm"],"fullName":" Content Script Comprehensive Tests Field Matching Algorithm should match fields using exact keyword matching","status":"failed","title":"should match fields using exact keyword matching","duration":2,"failureMessages":["AutofillManager is not defined"],"location":{"line":41,"column":5}},{"ancestorTitles":["","Content Script Comprehensive Tests","Field Matching Algorithm"],"fullName":" Content Script Comprehensive Tests Field Matching Algorithm should match fields using partial keyword matching","status":"failed","title":"should match fields using partial keyword matching","duration":2,"failureMessages":["AutofillManager is not defined"],"location":{"line":41,"column":5}},{"ancestorTitles":["","Content Script Comprehensive Tests","Field Matching Algorithm"],"fullName":" Content Script Comprehensive Tests Field Matching Algorithm should match custom fields","status":"failed","title":"should match custom fields","duration":2,"failureMessages":["AutofillManager is not defined"],"location":{"line":41,"column":5}},{"ancestorTitles":["","Content Script Comprehensive Tests","Field Matching Algorithm"],"fullName":" Content Script Comprehensive Tests Field Matching Algorithm should use positional matching as fallback","status":"failed","title":"should use positional matching as fallback","duration":2,"failureMessages":["AutofillManager is not defined"],"location":{"line":41,"column":5}},{"ancestorTitles":["","Content Script Comprehensive Tests","Field Matching Algorithm"],"fullName":" Content Script Comprehensive Tests Field Matching Algorithm should prioritize higher confidence matches","status":"failed","title":"should prioritize higher confidence matches","duration":2,"failureMessages":["AutofillManager is not defined"],"location":{"line":41,"column":5}},{"ancestorTitles":["","Content Script Comprehensive Tests","Field Filling Operations"],"fullName":" Content Script Comprehensive Tests Field Filling Operations should fill standard input fields","status":"failed","title":"should fill standard input fields","duration":2,"failureMessages":["AutofillManager is not defined"],"location":{"line":41,"column":5}},{"ancestorTitles":["","Content Script Comprehensive Tests","Field Filling Operations"],"fullName":" Content Script Comprehensive Tests Field Filling Operations should fill email fields with validation","status":"failed","title":"should fill email fields with validation","duration":2,"failureMessages":["AutofillManager is not defined"],"location":{"line":41,"column":5}},{"ancestorTitles":["","Content Script Comprehensive Tests","Field Filling Operations"],"fullName":" Content Script Comprehensive Tests Field Filling Operations should fill select fields with smart matching","status":"failed","title":"should fill select fields with smart matching","duration":2,"failureMessages":["AutofillManager is not defined"],"location":{"line":41,"column":5}},{"ancestorTitles":["","Content Script Comprehensive Tests","Field Filling Operations"],"fullName":" Content Script Comprehensive Tests Field Filling Operations should handle select field pattern matching","status":"failed","title":"should handle select field pattern matching","duration":1,"failureMessages":["AutofillManager is not defined"],"location":{"line":41,"column":5}},{"ancestorTitles":["","Content Script Comprehensive Tests","Field Filling Operations"],"fullName":" Content Script Comprehensive Tests Field Filling Operations should trigger appropriate events after filling","status":"failed","title":"should trigger appropriate events after filling","duration":2,"failureMessages":["AutofillManager is not defined"],"location":{"line":41,"column":5}},{"ancestorTitles":["","Content Script Comprehensive Tests","Field Filling Operations"],"fullName":" Content Script Comprehensive Tests Field Filling Operations should handle Google Forms specific filling","status":"failed","title":"should handle Google Forms specific filling","duration":2,"failureMessages":["AutofillManager is not defined"],"location":{"line":41,"column":5}},{"ancestorTitles":["","Content Script Comprehensive Tests","Error Handling"],"fullName":" Content Script Comprehensive Tests Error Handling should handle null elements gracefully","status":"failed","title":"should handle null elements gracefully","duration":9,"failureMessages":["AutofillManager is not defined"],"location":{"line":41,"column":5}},{"ancestorTitles":["","Content Script Comprehensive Tests","Error Handling"],"fullName":" Content Script Comprehensive Tests Error Handling should handle invalid field data","status":"failed","title":"should handle invalid field data","duration":1,"failureMessages":["AutofillManager is not defined"],"location":{"line":41,"column":5}},{"ancestorTitles":["","Content Script Comprehensive Tests","Error Handling"],"fullName":" Content Script Comprehensive Tests Error Handling should handle DOM manipulation errors","status":"failed","title":"should handle DOM manipulation errors","duration":1,"failureMessages":["AutofillManager is not defined"],"location":{"line":41,"column":5}},{"ancestorTitles":["","Content Script Comprehensive Tests","Performance Tests"],"fullName":" Content Script Comprehensive Tests Performance Tests should detect fields quickly","status":"failed","title":"should detect fields quickly","duration":2,"failureMessages":["AutofillManager is not defined"],"location":{"line":41,"column":5}},{"ancestorTitles":["","Content Script Comprehensive Tests","Performance Tests"],"fullName":" Content Script Comprehensive Tests Performance Tests should match fields efficiently","status":"failed","title":"should match fields efficiently","duration":2,"failureMessages":["AutofillManager is not defined"],"location":{"line":41,"column":5}},{"ancestorTitles":["","Content Script Comprehensive Tests","Performance Tests"],"fullName":" Content Script Comprehensive Tests Performance Tests should fill fields quickly","status":"failed","title":"should fill fields quickly","duration":2,"failureMessages":["AutofillManager is not defined"],"location":{"line":41,"column":5}}],"startTime":1754933765935,"endTime":1754933766013,"status":"failed","message":"","name":"C:/Users/msaya/Downloads/AutoFill/test/content-script-comprehensive.test.js"},{"assertionResults":[{"ancestorTitles":["","Cross-Browser Form Detection","Chrome Browser"],"fullName":" Cross-Browser Form Detection Chrome Browser should detect form fields using multiple strategies","status":"passed","title":"should detect form fields using multiple strategies","duration":10,"failureMessages":[]},{"ancestorTitles":["","Cross-Browser Form Detection","Chrome Browser"],"fullName":" Cross-Browser Form Detection Chrome Browser should handle different input types correctly","status":"passed","title":"should handle different input types correctly","duration":4,"failureMessages":[]},{"ancestorTitles":["","Cross-Browser Form Detection","Chrome Browser"],"fullName":" Cross-Browser Form Detection Chrome Browser should trigger appropriate events after filling","status":"passed","title":"should trigger appropriate events after filling","duration":2,"failureMessages":[]},{"ancestorTitles":["","Cross-Browser Form Detection","Chrome Browser"],"fullName":" Cross-Browser Form Detection Chrome Browser should handle dynamic forms and SPAs","status":"passed","title":"should handle dynamic forms and SPAs","duration":2,"failureMessages":[]},{"ancestorTitles":["","Cross-Browser Form Detection","Chrome Browser"],"fullName":" Cross-Browser Form Detection Chrome Browser should respect browser-specific form validation","status":"passed","title":"should respect browser-specific form validation","duration":3,"failureMessages":[]},{"ancestorTitles":["","Cross-Browser Form Detection","Brave Browser"],"fullName":" Cross-Browser Form Detection Brave Browser should detect form fields using multiple strategies","status":"passed","title":"should detect form fields using multiple strategies","duration":2,"failureMessages":[]},{"ancestorTitles":["","Cross-Browser Form Detection","Brave Browser"],"fullName":" Cross-Browser Form Detection Brave Browser should handle different input types correctly","status":"passed","title":"should handle different input types correctly","duration":2,"failureMessages":[]},{"ancestorTitles":["","Cross-Browser Form Detection","Brave Browser"],"fullName":" Cross-Browser Form Detection Brave Browser should trigger appropriate events after filling","status":"passed","title":"should trigger appropriate events after filling","duration":2,"failureMessages":[]},{"ancestorTitles":["","Cross-Browser Form Detection","Brave Browser"],"fullName":" Cross-Browser Form Detection Brave Browser should handle dynamic forms and SPAs","status":"passed","title":"should handle dynamic forms and SPAs","duration":2,"failureMessages":[]},{"ancestorTitles":["","Cross-Browser Form Detection","Brave Browser"],"fullName":" Cross-Browser Form Detection Brave Browser should respect browser-specific form validation","status":"passed","title":"should respect browser-specific form validation","duration":2,"failureMessages":[]},{"ancestorTitles":["","Cross-Browser Form Detection","Edge Browser"],"fullName":" Cross-Browser Form Detection Edge Browser should detect form fields using multiple strategies","status":"passed","title":"should detect form fields using multiple strategies","duration":4,"failureMessages":[]},{"ancestorTitles":["","Cross-Browser Form Detection","Edge Browser"],"fullName":" Cross-Browser Form Detection Edge Browser should handle different input types correctly","status":"passed","title":"should handle different input types correctly","duration":3,"failureMessages":[]},{"ancestorTitles":["","Cross-Browser Form Detection","Edge Browser"],"fullName":" Cross-Browser Form Detection Edge Browser should trigger appropriate events after filling","status":"passed","title":"should trigger appropriate events after filling","duration":3,"failureMessages":[]},{"ancestorTitles":["","Cross-Browser Form Detection","Edge Browser"],"fullName":" Cross-Browser Form Detection Edge Browser should handle dynamic forms and SPAs","status":"passed","title":"should handle dynamic forms and SPAs","duration":3,"failureMessages":[]},{"ancestorTitles":["","Cross-Browser Form Detection","Edge Browser"],"fullName":" Cross-Browser Form Detection Edge Browser should respect browser-specific form validation","status":"passed","title":"should respect browser-specific form validation","duration":2,"failureMessages":[]},{"ancestorTitles":["","Cross-Browser Form Detection","Browser-Specific Edge Cases"],"fullName":" Cross-Browser Form Detection Browser-Specific Edge Cases should handle Chrome-specific form behaviors","status":"passed","title":"should handle Chrome-specific form behaviors","duration":4,"failureMessages":[]},{"ancestorTitles":["","Cross-Browser Form Detection","Browser-Specific Edge Cases"],"fullName":" Cross-Browser Form Detection Browser-Specific Edge Cases should handle Brave privacy features","status":"passed","title":"should handle Brave privacy features","duration":3,"failureMessages":[]},{"ancestorTitles":["","Cross-Browser Form Detection","Browser-Specific Edge Cases"],"fullName":" Cross-Browser Form Detection Browser-Specific Edge Cases should handle Edge compatibility mode","status":"passed","title":"should handle Edge compatibility mode","duration":2,"failureMessages":[]}],"startTime":1754933766032,"endTime":1754933766105,"status":"passed","message":"","name":"C:/Users/msaya/Downloads/AutoFill/test/cross-browser-form-detection.test.js"},{"assertionResults":[{"ancestorTitles":["","Cross-Browser Keyboard Shortcuts","Chrome Keyboard Shortcuts"],"fullName":" Cross-Browser Keyboard Shortcuts Chrome Keyboard Shortcuts should register keyboard shortcut listener","status":"passed","title":"should register keyboard shortcut listener","duration":10,"failureMessages":[]},{"ancestorTitles":["","Cross-Browser Keyboard Shortcuts","Chrome Keyboard Shortcuts"],"fullName":" Cross-Browser Keyboard Shortcuts Chrome Keyboard Shortcuts should handle autofill command trigger","status":"passed","title":"should handle autofill command trigger","duration":3,"failureMessages":[]},{"ancestorTitles":["","Cross-Browser Keyboard Shortcuts","Chrome Keyboard Shortcuts"],"fullName":" Cross-Browser Keyboard Shortcuts Chrome Keyboard Shortcuts should retrieve available commands","status":"passed","title":"should retrieve available commands","duration":3,"failureMessages":[]},{"ancestorTitles":["","Cross-Browser Keyboard Shortcuts","Chrome Keyboard Shortcuts"],"fullName":" Cross-Browser Keyboard Shortcuts Chrome Keyboard Shortcuts should handle command execution with tab messaging","status":"passed","title":"should handle command execution with tab messaging","duration":4,"failureMessages":[]},{"ancestorTitles":["","Cross-Browser Keyboard Shortcuts","Chrome Keyboard Shortcuts"],"fullName":" Cross-Browser Keyboard Shortcuts Chrome Keyboard Shortcuts should work on windows operating system","status":"passed","title":"should work on windows operating system","duration":3,"failureMessages":[]},{"ancestorTitles":["","Cross-Browser Keyboard Shortcuts","Chrome Keyboard Shortcuts"],"fullName":" Cross-Browser Keyboard Shortcuts Chrome Keyboard Shortcuts should work on mac operating system","status":"passed","title":"should work on mac operating system","duration":2,"failureMessages":[]},{"ancestorTitles":["","Cross-Browser Keyboard Shortcuts","Chrome Keyboard Shortcuts"],"fullName":" Cross-Browser Keyboard Shortcuts Chrome Keyboard Shortcuts should work on linux operating system","status":"passed","title":"should work on linux operating system","duration":2,"failureMessages":[]},{"ancestorTitles":["","Cross-Browser Keyboard Shortcuts","Chrome Keyboard Shortcuts"],"fullName":" Cross-Browser Keyboard Shortcuts Chrome Keyboard Shortcuts should handle shortcut conflicts gracefully","status":"passed","title":"should handle shortcut conflicts gracefully","duration":2,"failureMessages":[]},{"ancestorTitles":["","Cross-Browser Keyboard Shortcuts","Chrome Keyboard Shortcuts"],"fullName":" Cross-Browser Keyboard Shortcuts Chrome Keyboard Shortcuts should support multiple command listeners","status":"passed","title":"should support multiple command listeners","duration":3,"failureMessages":[]},{"ancestorTitles":["","Cross-Browser Keyboard Shortcuts","Chrome Keyboard Shortcuts"],"fullName":" Cross-Browser Keyboard Shortcuts Chrome Keyboard Shortcuts should handle listener removal","status":"passed","title":"should handle listener removal","duration":4,"failureMessages":[]},{"ancestorTitles":["","Cross-Browser Keyboard Shortcuts","Brave Keyboard Shortcuts"],"fullName":" Cross-Browser Keyboard Shortcuts Brave Keyboard Shortcuts should register keyboard shortcut listener","status":"passed","title":"should register keyboard shortcut listener","duration":2,"failureMessages":[]},{"ancestorTitles":["","Cross-Browser Keyboard Shortcuts","Brave Keyboard Shortcuts"],"fullName":" Cross-Browser Keyboard Shortcuts Brave Keyboard Shortcuts should handle autofill command trigger","status":"passed","title":"should handle autofill command trigger","duration":2,"failureMessages":[]},{"ancestorTitles":["","Cross-Browser Keyboard Shortcuts","Brave Keyboard Shortcuts"],"fullName":" Cross-Browser Keyboard Shortcuts Brave Keyboard Shortcuts should retrieve available commands","status":"passed","title":"should retrieve available commands","duration":3,"failureMessages":[]},{"ancestorTitles":["","Cross-Browser Keyboard Shortcuts","Brave Keyboard Shortcuts"],"fullName":" Cross-Browser Keyboard Shortcuts Brave Keyboard Shortcuts should handle command execution with tab messaging","status":"passed","title":"should handle command execution with tab messaging","duration":3,"failureMessages":[]},{"ancestorTitles":["","Cross-Browser Keyboard Shortcuts","Brave Keyboard Shortcuts"],"fullName":" Cross-Browser Keyboard Shortcuts Brave Keyboard Shortcuts should work on windows operating system","status":"passed","title":"should work on windows operating system","duration":2,"failureMessages":[]},{"ancestorTitles":["","Cross-Browser Keyboard Shortcuts","Brave Keyboard Shortcuts"],"fullName":" Cross-Browser Keyboard Shortcuts Brave Keyboard Shortcuts should work on mac operating system","status":"passed","title":"should work on mac operating system","duration":2,"failureMessages":[]},{"ancestorTitles":["","Cross-Browser Keyboard Shortcuts","Brave Keyboard Shortcuts"],"fullName":" Cross-Browser Keyboard Shortcuts Brave Keyboard Shortcuts should work on linux operating system","status":"passed","title":"should work on linux operating system","duration":1,"failureMessages":[]},{"ancestorTitles":["","Cross-Browser Keyboard Shortcuts","Brave Keyboard Shortcuts"],"fullName":" Cross-Browser Keyboard Shortcuts Brave Keyboard Shortcuts should handle shortcut conflicts gracefully","status":"passed","title":"should handle shortcut conflicts gracefully","duration":2,"failureMessages":[]},{"ancestorTitles":["","Cross-Browser Keyboard Shortcuts","Brave Keyboard Shortcuts"],"fullName":" Cross-Browser Keyboard Shortcuts Brave Keyboard Shortcuts should support multiple command listeners","status":"passed","title":"should support multiple command listeners","duration":8,"failureMessages":[]},{"ancestorTitles":["","Cross-Browser Keyboard Shortcuts","Brave Keyboard Shortcuts"],"fullName":" Cross-Browser Keyboard Shortcuts Brave Keyboard Shortcuts should handle listener removal","status":"passed","title":"should handle listener removal","duration":2,"failureMessages":[]},{"ancestorTitles":["","Cross-Browser Keyboard Shortcuts","Edge Keyboard Shortcuts"],"fullName":" Cross-Browser Keyboard Shortcuts Edge Keyboard Shortcuts should register keyboard shortcut listener","status":"passed","title":"should register keyboard shortcut listener","duration":2,"failureMessages":[]},{"ancestorTitles":["","Cross-Browser Keyboard Shortcuts","Edge Keyboard Shortcuts"],"fullName":" Cross-Browser Keyboard Shortcuts Edge Keyboard Shortcuts should handle autofill command trigger","status":"passed","title":"should handle autofill command trigger","duration":5,"failureMessages":[]},{"ancestorTitles":["","Cross-Browser Keyboard Shortcuts","Edge Keyboard Shortcuts"],"fullName":" Cross-Browser Keyboard Shortcuts Edge Keyboard Shortcuts should retrieve available commands","status":"passed","title":"should retrieve available commands","duration":4,"failureMessages":[]},{"ancestorTitles":["","Cross-Browser Keyboard Shortcuts","Edge Keyboard Shortcuts"],"fullName":" Cross-Browser Keyboard Shortcuts Edge Keyboard Shortcuts should handle command execution with tab messaging","status":"passed","title":"should handle command execution with tab messaging","duration":4,"failureMessages":[]},{"ancestorTitles":["","Cross-Browser Keyboard Shortcuts","Edge Keyboard Shortcuts"],"fullName":" Cross-Browser Keyboard Shortcuts Edge Keyboard Shortcuts should work on windows operating system","status":"passed","title":"should work on windows operating system","duration":3,"failureMessages":[]},{"ancestorTitles":["","Cross-Browser Keyboard Shortcuts","Edge Keyboard Shortcuts"],"fullName":" Cross-Browser Keyboard Shortcuts Edge Keyboard Shortcuts should work on mac operating system","status":"passed","title":"should work on mac operating system","duration":2,"failureMessages":[]},{"ancestorTitles":["","Cross-Browser Keyboard Shortcuts","Edge Keyboard Shortcuts"],"fullName":" Cross-Browser Keyboard Shortcuts Edge Keyboard Shortcuts should work on linux operating system","status":"passed","title":"should work on linux operating system","duration":6,"failureMessages":[]},{"ancestorTitles":["","Cross-Browser Keyboard Shortcuts","Edge Keyboard Shortcuts"],"fullName":" Cross-Browser Keyboard Shortcuts Edge Keyboard Shortcuts should handle shortcut conflicts gracefully","status":"passed","title":"should handle shortcut conflicts gracefully","duration":4,"failureMessages":[]},{"ancestorTitles":["","Cross-Browser Keyboard Shortcuts","Edge Keyboard Shortcuts"],"fullName":" Cross-Browser Keyboard Shortcuts Edge Keyboard Shortcuts should support multiple command listeners","status":"passed","title":"should support multiple command listeners","duration":2,"failureMessages":[]},{"ancestorTitles":["","Cross-Browser Keyboard Shortcuts","Edge Keyboard Shortcuts"],"fullName":" Cross-Browser Keyboard Shortcuts Edge Keyboard Shortcuts should handle listener removal","status":"passed","title":"should handle listener removal","duration":4,"failureMessages":[]},{"ancestorTitles":["","Cross-Browser Keyboard Shortcuts","Cross-Browser Shortcut Compatibility"],"fullName":" Cross-Browser Keyboard Shortcuts Cross-Browser Shortcut Compatibility should use consistent shortcut format across browsers","status":"passed","title":"should use consistent shortcut format across browsers","duration":4,"failureMessages":[]},{"ancestorTitles":["","Cross-Browser Keyboard Shortcuts","Cross-Browser Shortcut Compatibility"],"fullName":" Cross-Browser Keyboard Shortcuts Cross-Browser Shortcut Compatibility should handle browser-specific modifier keys","status":"passed","title":"should handle browser-specific modifier keys","duration":3,"failureMessages":[]},{"ancestorTitles":["","Cross-Browser Keyboard Shortcuts","Cross-Browser Shortcut Compatibility"],"fullName":" Cross-Browser Keyboard Shortcuts Cross-Browser Shortcut Compatibility should validate shortcut key combinations","status":"passed","title":"should validate shortcut key combinations","duration":2,"failureMessages":[]},{"ancestorTitles":["","Cross-Browser Keyboard Shortcuts","Shortcut Error Handling"],"fullName":" Cross-Browser Keyboard Shortcuts Shortcut Error Handling should handle disabled shortcuts gracefully","status":"passed","title":"should handle disabled shortcuts gracefully","duration":4,"failureMessages":[]},{"ancestorTitles":["","Cross-Browser Keyboard Shortcuts","Shortcut Error Handling"],"fullName":" Cross-Browser Keyboard Shortcuts Shortcut Error Handling should handle command API unavailability","status":"passed","title":"should handle command API unavailability","duration":14,"failureMessages":[]}],"startTime":1754933766033,"endTime":1754933766183,"status":"passed","message":"","name":"C:/Users/msaya/Downloads/AutoFill/test/cross-browser-shortcuts.test.js"},{"assertionResults":[{"ancestorTitles":["","Cross-Browser Data Synchronization","Chrome Storage Sync"],"fullName":" Cross-Browser Data Synchronization Chrome Storage Sync should save profile data successfully","status":"passed","title":"should save profile data successfully","duration":16,"failureMessages":[]},{"ancestorTitles":["","Cross-Browser Data Synchronization","Chrome Storage Sync"],"fullName":" Cross-Browser Data Synchronization Chrome Storage Sync should retrieve profile data successfully","status":"passed","title":"should retrieve profile data successfully","duration":8,"failureMessages":[]},{"ancestorTitles":["","Cross-Browser Data Synchronization","Chrome Storage Sync"],"fullName":" Cross-Browser Data Synchronization Chrome Storage Sync should handle storage quota limits","status":"passed","title":"should handle storage quota limits","duration":14,"failureMessages":[]},{"ancestorTitles":["","Cross-Browser Data Synchronization","Chrome Storage Sync"],"fullName":" Cross-Browser Data Synchronization Chrome Storage Sync should handle network connectivity issues","status":"passed","title":"should handle network connectivity issues","duration":15,"failureMessages":[]},{"ancestorTitles":["","Cross-Browser Data Synchronization","Chrome Storage Sync"],"fullName":" Cross-Browser Data Synchronization Chrome Storage Sync should respect write operation limits","status":"passed","title":"should respect write operation limits","duration":15,"failureMessages":[]},{"ancestorTitles":["","Cross-Browser Data Synchronization","Chrome Storage Sync"],"fullName":" Cross-Browser Data Synchronization Chrome Storage Sync should handle data corruption gracefully","status":"passed","title":"should handle data corruption gracefully","duration":12,"failureMessages":[]},{"ancestorTitles":["","Cross-Browser Data Synchronization","Chrome Storage Sync"],"fullName":" Cross-Browser Data Synchronization Chrome Storage Sync should sync data across browser instances","status":"passed","title":"should sync data across browser instances","duration":18,"failureMessages":[]},{"ancestorTitles":["","Cross-Browser Data Synchronization","Brave Storage Sync"],"fullName":" Cross-Browser Data Synchronization Brave Storage Sync should save profile data successfully","status":"passed","title":"should save profile data successfully","duration":16,"failureMessages":[]},{"ancestorTitles":["","Cross-Browser Data Synchronization","Brave Storage Sync"],"fullName":" Cross-Browser Data Synchronization Brave Storage Sync should retrieve profile data successfully","status":"passed","title":"should retrieve profile data successfully","duration":14,"failureMessages":[]},{"ancestorTitles":["","Cross-Browser Data Synchronization","Brave Storage Sync"],"fullName":" Cross-Browser Data Synchronization Brave Storage Sync should handle storage quota limits","status":"passed","title":"should handle storage quota limits","duration":13,"failureMessages":[]},{"ancestorTitles":["","Cross-Browser Data Synchronization","Brave Storage Sync"],"fullName":" Cross-Browser Data Synchronization Brave Storage Sync should handle network connectivity issues","status":"passed","title":"should handle network connectivity issues","duration":15,"failureMessages":[]},{"ancestorTitles":["","Cross-Browser Data Synchronization","Brave Storage Sync"],"fullName":" Cross-Browser Data Synchronization Brave Storage Sync should respect write operation limits","status":"passed","title":"should respect write operation limits","duration":10,"failureMessages":[]},{"ancestorTitles":["","Cross-Browser Data Synchronization","Brave Storage Sync"],"fullName":" Cross-Browser Data Synchronization Brave Storage Sync should handle data corruption gracefully","status":"passed","title":"should handle data corruption gracefully","duration":3,"failureMessages":[]},{"ancestorTitles":["","Cross-Browser Data Synchronization","Brave Storage Sync"],"fullName":" Cross-Browser Data Synchronization Brave Storage Sync should sync data across browser instances","status":"passed","title":"should sync data across browser instances","duration":12,"failureMessages":[]},{"ancestorTitles":["","Cross-Browser Data Synchronization","Edge Storage Sync"],"fullName":" Cross-Browser Data Synchronization Edge Storage Sync should save profile data successfully","status":"passed","title":"should save profile data successfully","duration":16,"failureMessages":[]},{"ancestorTitles":["","Cross-Browser Data Synchronization","Edge Storage Sync"],"fullName":" Cross-Browser Data Synchronization Edge Storage Sync should retrieve profile data successfully","status":"passed","title":"should retrieve profile data successfully","duration":14,"failureMessages":[]},{"ancestorTitles":["","Cross-Browser Data Synchronization","Edge Storage Sync"],"fullName":" Cross-Browser Data Synchronization Edge Storage Sync should handle storage quota limits","status":"passed","title":"should handle storage quota limits","duration":13,"failureMessages":[]},{"ancestorTitles":["","Cross-Browser Data Synchronization","Edge Storage Sync"],"fullName":" Cross-Browser Data Synchronization Edge Storage Sync should handle network connectivity issues","status":"passed","title":"should handle network connectivity issues","duration":13,"failureMessages":[]},{"ancestorTitles":["","Cross-Browser Data Synchronization","Edge Storage Sync"],"fullName":" Cross-Browser Data Synchronization Edge Storage Sync should respect write operation limits","status":"passed","title":"should respect write operation limits","duration":18,"failureMessages":[]},{"ancestorTitles":["","Cross-Browser Data Synchronization","Edge Storage Sync"],"fullName":" Cross-Browser Data Synchronization Edge Storage Sync should handle data corruption gracefully","status":"passed","title":"should handle data corruption gracefully","duration":11,"failureMessages":[]},{"ancestorTitles":["","Cross-Browser Data Synchronization","Edge Storage Sync"],"fullName":" Cross-Browser Data Synchronization Edge Storage Sync should sync data across browser instances","status":"passed","title":"should sync data across browser instances","duration":16,"failureMessages":[]},{"ancestorTitles":["","Cross-Browser Data Synchronization","Cross-Browser Sync Compatibility"],"fullName":" Cross-Browser Data Synchronization Cross-Browser Sync Compatibility should maintain data format consistency across browsers","status":"passed","title":"should maintain data format consistency across browsers","duration":3,"failureMessages":[]},{"ancestorTitles":["","Cross-Browser Data Synchronization","Cross-Browser Sync Compatibility"],"fullName":" Cross-Browser Data Synchronization Cross-Browser Sync Compatibility should handle browser-specific storage limitations","status":"passed","title":"should handle browser-specific storage limitations","duration":3,"failureMessages":[]}],"startTime":1754933765950,"endTime":1754933766245,"status":"passed","message":"","name":"C:/Users/msaya/Downloads/AutoFill/test/cross-browser-sync.test.js"},{"assertionResults":[{"ancestorTitles":["","Task 17: Browser Compatibility Validation","Requirement 7.1: Browser Compatibility"],"fullName":" Task 17: Browser Compatibility Validation Requirement 7.1: Browser Compatibility should test full functionality on Chrome, Brave, and Edge browsers","status":"passed","title":"should test full functionality on Chrome, Brave, and Edge browsers","duration":8,"failureMessages":[]},{"ancestorTitles":["","Task 17: Browser Compatibility Validation","Requirement 7.2: Manifest V3 Compatibility"],"fullName":" Task 17: Browser Compatibility Validation Requirement 7.2: Manifest V3 Compatibility should verify manifest V3 compatibility and permission handling","status":"passed","title":"should verify manifest V3 compatibility and permission handling","duration":5,"failureMessages":[]},{"ancestorTitles":["","Task 17: Browser Compatibility Validation","Requirement 7.4: Cross-Browser Data Synchronization"],"fullName":" Task 17: Browser Compatibility Validation Requirement 7.4: Cross-Browser Data Synchronization should test cross-browser data synchronization using chrome.storage.sync","status":"passed","title":"should test cross-browser data synchronization using chrome.storage.sync","duration":64,"failureMessages":[]},{"ancestorTitles":["","Task 17: Browser Compatibility Validation","Keyboard Shortcuts Validation"],"fullName":" Task 17: Browser Compatibility Validation Keyboard Shortcuts Validation should validate keyboard shortcuts work across different browsers","status":"passed","title":"should validate keyboard shortcuts work across different browsers","duration":5,"failureMessages":[]},{"ancestorTitles":["","Task 17: Browser Compatibility Validation","Integration Test Summary"],"fullName":" Task 17: Browser Compatibility Validation Integration Test Summary should provide comprehensive browser compatibility confirmation","status":"passed","title":"should provide comprehensive browser compatibility confirmation","duration":5,"failureMessages":[]}],"startTime":1754933766030,"endTime":1754933766118,"status":"passed","message":"","name":"C:/Users/msaya/Downloads/AutoFill/test/final-browser-compatibility-validation.test.js"},{"assertionResults":[{"ancestorTitles":["","Enhanced Form Detection","Select Dropdown Detection"],"fullName":" Enhanced Form Detection Select Dropdown Detection should detect and extract select dropdown options","status":"passed","title":"should detect and extract select dropdown options","duration":49,"failureMessages":[]},{"ancestorTitles":["","Enhanced Form Detection","Select Dropdown Detection"],"fullName":" Enhanced Form Detection Select Dropdown Detection should fill select dropdown with matching value","status":"passed","title":"should fill select dropdown with matching value","duration":22,"failureMessages":[]},{"ancestorTitles":["","Enhanced Form Detection","Select Dropdown Detection"],"fullName":" Enhanced Form Detection Select Dropdown Detection should fill select dropdown with partial text match","status":"passed","title":"should fill select dropdown with partial text match","duration":17,"failureMessages":[]},{"ancestorTitles":["","Enhanced Form Detection","Radio Button Detection"],"fullName":" Enhanced Form Detection Radio Button Detection should fill radio button with matching value","status":"passed","title":"should fill radio button with matching value","duration":18,"failureMessages":[]},{"ancestorTitles":["","Enhanced Form Detection","Job Portal Specific Patterns"],"fullName":" Enhanced Form Detection Job Portal Specific Patterns should recognize job portal field patterns with high score","status":"passed","title":"should recognize job portal field patterns with high score","duration":24,"failureMessages":[]},{"ancestorTitles":["","Enhanced Form Detection","Job Portal Specific Patterns"],"fullName":" Enhanced Form Detection Job Portal Specific Patterns should extract data attributes for better matching","status":"passed","title":"should extract data attributes for better matching","duration":16,"failureMessages":[]},{"ancestorTitles":["","Enhanced Form Detection","Checkbox Handling"],"fullName":" Enhanced Form Detection Checkbox Handling should fill checkbox with boolean values","status":"passed","title":"should fill checkbox with boolean values","duration":12,"failureMessages":[]},{"ancestorTitles":["","Enhanced Form Detection","Enhanced Field Detection"],"fullName":" Enhanced Form Detection Enhanced Field Detection should detect multiple field types in one form","status":"passed","title":"should detect multiple field types in one form","duration":29,"failureMessages":[]}],"startTime":1754933765906,"endTime":1754933766096,"status":"passed","message":"","name":"C:/Users/msaya/Downloads/AutoFill/test/form-detection-enhanced.test.js"},{"assertionResults":[{"ancestorTitles":["","Integration: Complete Autofill Workflows","Standard HTML Form Workflow"],"fullName":" Integration: Complete Autofill Workflows Standard HTML Form Workflow should complete full autofill workflow on standard form","status":"failed","title":"should complete full autofill workflow on standard form","duration":32,"failureMessages":["expected \"spy\" to be called at least once"],"location":{"line":164,"column":58}},{"ancestorTitles":["","Integration: Complete Autofill Workflows","Standard HTML Form Workflow"],"fullName":" Integration: Complete Autofill Workflows Standard HTML Form Workflow should handle form with custom fields","status":"passed","title":"should handle form with custom fields","duration":6,"failureMessages":[]},{"ancestorTitles":["","Integration: Complete Autofill Workflows","Standard HTML Form Workflow"],"fullName":" Integration: Complete Autofill Workflows Standard HTML Form Workflow should handle select dropdown fields with smart matching","status":"passed","title":"should handle select dropdown fields with smart matching","duration":4,"failureMessages":[]},{"ancestorTitles":["","Integration: Complete Autofill Workflows","Google Forms Workflow"],"fullName":" Integration: Complete Autofill Workflows Google Forms Workflow should complete full autofill workflow on Google Form","status":"passed","title":"should complete full autofill workflow on Google Form","duration":5,"failureMessages":[]},{"ancestorTitles":["","Integration: Complete Autofill Workflows","Google Forms Workflow"],"fullName":" Integration: Complete Autofill Workflows Google Forms Workflow should handle Google Forms with multiple question types","status":"passed","title":"should handle Google Forms with multiple question types","duration":4,"failureMessages":[]},{"ancestorTitles":["","Integration: Complete Autofill Workflows","Multi-Profile Workflow"],"fullName":" Integration: Complete Autofill Workflows Multi-Profile Workflow should use correct profile data for autofill","status":"failed","title":"should use correct profile data for autofill","duration":8,"failureMessages":["expected \"spy\" to be called with arguments: [ [ { …(4) }, { …(4) } ], …(1) ]\u001b[90m\n\nReceived: \n\n\u001b[39m\u001b[90m\n\nNumber of calls: \u001b[1m0\u001b[22m\n\u001b[39m"],"location":{"line":509,"column":51}},{"ancestorTitles":["","Integration: Complete Autofill Workflows","Error Handling in Workflows"],"fullName":" Integration: Complete Autofill Workflows Error Handling in Workflows should handle no fields found scenario","status":"passed","title":"should handle no fields found scenario","duration":3,"failureMessages":[]},{"ancestorTitles":["","Integration: Complete Autofill Workflows","Error Handling in Workflows"],"fullName":" Integration: Complete Autofill Workflows Error Handling in Workflows should handle no matches found scenario","status":"passed","title":"should handle no matches found scenario","duration":3,"failureMessages":[]},{"ancestorTitles":["","Integration: Complete Autofill Workflows","Error Handling in Workflows"],"fullName":" Integration: Complete Autofill Workflows Error Handling in Workflows should handle field filling failures gracefully","status":"passed","title":"should handle field filling failures gracefully","duration":4,"failureMessages":[]},{"ancestorTitles":["","Integration: Complete Autofill Workflows","Error Handling in Workflows"],"fullName":" Integration: Complete Autofill Workflows Error Handling in Workflows should handle DOM not ready scenario","status":"passed","title":"should handle DOM not ready scenario","duration":111,"failureMessages":[]},{"ancestorTitles":["","Integration: Complete Autofill Workflows","Performance Workflow Tests"],"fullName":" Integration: Complete Autofill Workflows Performance Workflow Tests should complete autofill workflow within performance thresholds","status":"passed","title":"should complete autofill workflow within performance thresholds","duration":5,"failureMessages":[]},{"ancestorTitles":["","Integration: Complete Autofill Workflows","Performance Workflow Tests"],"fullName":" Integration: Complete Autofill Workflows Performance Workflow Tests should handle large forms efficiently","status":"passed","title":"should handle large forms efficiently","duration":5,"failureMessages":[]}],"startTime":1754933765898,"endTime":1754933766091,"status":"failed","message":"","name":"C:/Users/msaya/Downloads/AutoFill/test/integration-autofill-workflows.test.js"},{"assertionResults":[{"ancestorTitles":["","Performance Benchmarks","Form Detection Performance"],"fullName":" Performance Benchmarks Form Detection Performance should detect form fields within 50ms for typical forms","status":"passed","title":"should detect form fields within 50ms for typical forms","duration":25,"failureMessages":[]},{"ancestorTitles":["","Performance Benchmarks","Form Detection Performance"],"fullName":" Performance Benchmarks Form Detection Performance should detect Google Form fields within 100ms","status":"failed","title":"should detect Google Form fields within 100ms","duration":23,"failureMessages":["expected 0 to be greater than 0"],"location":{"line":122,"column":29}},{"ancestorTitles":["","Performance Benchmarks","Form Detection Performance"],"fullName":" Performance Benchmarks Form Detection Performance should handle large forms (50+ fields) within 200ms","status":"passed","title":"should handle large forms (50+ fields) within 200ms","duration":15,"failureMessages":[]},{"ancestorTitles":["","Performance Benchmarks","Field Matching Performance"],"fullName":" Performance Benchmarks Field Matching Performance should match fields to data within 30ms for typical forms","status":"passed","title":"should match fields to data within 30ms for typical forms","duration":6,"failureMessages":[]},{"ancestorTitles":["","Performance Benchmarks","Field Matching Performance"],"fullName":" Performance Benchmarks Field Matching Performance should match custom fields within 50ms","status":"passed","title":"should match custom fields within 50ms","duration":3,"failureMessages":[]},{"ancestorTitles":["","Performance Benchmarks","Field Matching Performance"],"fullName":" Performance Benchmarks Field Matching Performance should handle complex matching patterns within 100ms","status":"passed","title":"should handle complex matching patterns within 100ms","duration":4,"failureMessages":[]},{"ancestorTitles":["","Performance Benchmarks","Field Filling Performance"],"fullName":" Performance Benchmarks Field Filling Performance should fill standard form fields within 20ms per field","status":"passed","title":"should fill standard form fields within 20ms per field","duration":8,"failureMessages":[]},{"ancestorTitles":["","Performance Benchmarks","Field Filling Performance"],"fullName":" Performance Benchmarks Field Filling Performance should fill Google Form fields within 30ms per field","status":"passed","title":"should fill Google Form fields within 30ms per field","duration":7,"failureMessages":[]},{"ancestorTitles":["","Performance Benchmarks","Field Filling Performance"],"fullName":" Performance Benchmarks Field Filling Performance should fill select dropdown fields within 25ms per field","status":"failed","title":"should fill select dropdown fields within 25ms per field","duration":10,"failureMessages":["expected +0 to be 1 // Object.is equality"],"location":{"line":564,"column":27}},{"ancestorTitles":["","Performance Benchmarks","End-to-End Performance"],"fullName":" Performance Benchmarks End-to-End Performance should complete full autofill workflow within 200ms","status":"passed","title":"should complete full autofill workflow within 200ms","duration":6,"failureMessages":[]},{"ancestorTitles":["","Performance Benchmarks","End-to-End Performance"],"fullName":" Performance Benchmarks End-to-End Performance should maintain performance with concurrent operations","status":"passed","title":"should maintain performance with concurrent operations","duration":6,"failureMessages":[]},{"ancestorTitles":["","Performance Benchmarks","Memory Usage Performance"],"fullName":" Performance Benchmarks Memory Usage Performance should maintain reasonable memory usage during operations","status":"passed","title":"should maintain reasonable memory usage during operations","duration":60,"failureMessages":[]}],"startTime":1754933765909,"endTime":1754933766083,"status":"failed","message":"","name":"C:/Users/msaya/Downloads/AutoFill/test/performance-benchmarks.test.js"},{"assertionResults":[{"ancestorTitles":["","Performance Monitoring","Performance Metrics Collection"],"fullName":" Performance Monitoring Performance Metrics Collection should initialize performance metrics","status":"passed","title":"should initialize performance metrics","duration":33,"failureMessages":[]},{"ancestorTitles":["","Performance Monitoring","Performance Metrics Collection"],"fullName":" Performance Monitoring Performance Metrics Collection should track form detection time","status":"passed","title":"should track form detection time","duration":23,"failureMessages":[]},{"ancestorTitles":["","Performance Monitoring","Performance Metrics Collection"],"fullName":" Performance Monitoring Performance Metrics Collection should track field matching time","status":"passed","title":"should track field matching time","duration":16,"failureMessages":[]},{"ancestorTitles":["","Performance Monitoring","Performance Metrics Collection"],"fullName":" Performance Monitoring Performance Metrics Collection should provide performance timer functionality","status":"passed","title":"should provide performance timer functionality","duration":25,"failureMessages":[]},{"ancestorTitles":["","Performance Monitoring","Debug Logging"],"fullName":" Performance Monitoring Debug Logging should enable debug mode when URL parameter is present","status":"passed","title":"should enable debug mode when URL parameter is present","duration":15,"failureMessages":[]},{"ancestorTitles":["","Performance Monitoring","Debug Logging"],"fullName":" Performance Monitoring Debug Logging should provide debug logging functionality","status":"passed","title":"should provide debug logging functionality","duration":14,"failureMessages":[]},{"ancestorTitles":["","Performance Monitoring","Debug Logging"],"fullName":" Performance Monitoring Debug Logging should respect log levels","status":"passed","title":"should respect log levels","duration":12,"failureMessages":[]},{"ancestorTitles":["","Performance Monitoring","Caching System"],"fullName":" Performance Monitoring Caching System should initialize caches","status":"passed","title":"should initialize caches","duration":30,"failureMessages":[]},{"ancestorTitles":["","Performance Monitoring","Caching System"],"fullName":" Performance Monitoring Caching System should generate cache keys","status":"passed","title":"should generate cache keys","duration":23,"failureMessages":[]},{"ancestorTitles":["","Performance Monitoring","Caching System"],"fullName":" Performance Monitoring Caching System should clear expired caches","status":"passed","title":"should clear expired caches","duration":17,"failureMessages":[]},{"ancestorTitles":["","Performance Monitoring","Performance Optimization Features"],"fullName":" Performance Monitoring Performance Optimization Features should track performance metrics during operations","status":"passed","title":"should track performance metrics during operations","duration":13,"failureMessages":[]},{"ancestorTitles":["","Performance Monitoring","Performance Optimization Features"],"fullName":" Performance Monitoring Performance Optimization Features should provide debug configuration","status":"passed","title":"should provide debug configuration","duration":13,"failureMessages":[]},{"ancestorTitles":["","Performance Monitoring","Performance Optimization Features"],"fullName":" Performance Monitoring Performance Optimization Features should support caching for performance","status":"passed","title":"should support caching for performance","duration":13,"failureMessages":[]},{"ancestorTitles":["","Performance Monitoring","Optimized Algorithms"],"fullName":" Performance Monitoring Optimized Algorithms should use optimized field matching","status":"passed","title":"should use optimized field matching","duration":6,"failureMessages":[]},{"ancestorTitles":["","Performance Monitoring","Optimized Algorithms"],"fullName":" Performance Monitoring Optimized Algorithms should use optimized custom field scoring","status":"passed","title":"should use optimized custom field scoring","duration":5,"failureMessages":[]},{"ancestorTitles":["","Performance Monitoring","Optimized Algorithms"],"fullName":" Performance Monitoring Optimized Algorithms should use optimized job portal scoring","status":"passed","title":"should use optimized job portal scoring","duration":7,"failureMessages":[]}],"startTime":1754933766036,"endTime":1754933766305,"status":"passed","message":"","name":"C:/Users/msaya/Downloads/AutoFill/test/performance-monitoring.test.js"},{"assertionResults":[{"ancestorTitles":["","Popup Script Comprehensive Tests","Initialization"],"fullName":" Popup Script Comprehensive Tests Initialization should initialize with default data","status":"passed","title":"should initialize with default data","duration":35,"failureMessages":[]},{"ancestorTitles":["","Popup Script Comprehensive Tests","Initialization"],"fullName":" Popup Script Comprehensive Tests Initialization should handle storage unavailability","status":"passed","title":"should handle storage unavailability","duration":19,"failureMessages":[]},{"ancestorTitles":["","Popup Script Comprehensive Tests","Initialization"],"fullName":" Popup Script Comprehensive Tests Initialization should setup event listeners","status":"passed","title":"should setup event listeners","duration":11,"failureMessages":[]},{"ancestorTitles":["","Popup Script Comprehensive Tests","Initialization"],"fullName":" Popup Script Comprehensive Tests Initialization should handle password protection on init","status":"passed","title":"should handle password protection on init","duration":8,"failureMessages":[]},{"ancestorTitles":["","Popup Script Comprehensive Tests","Form Population"],"fullName":" Popup Script Comprehensive Tests Form Population should populate form fields with profile data","status":"passed","title":"should populate form fields with profile data","duration":8,"failureMessages":[]},{"ancestorTitles":["","Popup Script Comprehensive Tests","Form Population"],"fullName":" Popup Script Comprehensive Tests Form Population should populate custom fields","status":"passed","title":"should populate custom fields","duration":12,"failureMessages":[]},{"ancestorTitles":["","Popup Script Comprehensive Tests","Form Population"],"fullName":" Popup Script Comprehensive Tests Form Population should update profile selector","status":"passed","title":"should update profile selector","duration":9,"failureMessages":[]},{"ancestorTitles":["","Popup Script Comprehensive Tests","Data Validation"],"fullName":" Popup Script Comprehensive Tests Data Validation should validate email format","status":"passed","title":"should validate email format","duration":11,"failureMessages":[]},{"ancestorTitles":["","Popup Script Comprehensive Tests","Data Validation"],"fullName":" Popup Script Comprehensive Tests Data Validation should validate URL format","status":"passed","title":"should validate URL format","duration":8,"failureMessages":[]},{"ancestorTitles":["","Popup Script Comprehensive Tests","Data Validation"],"fullName":" Popup Script Comprehensive Tests Data Validation should validate phone format","status":"passed","title":"should validate phone format","duration":7,"failureMessages":[]},{"ancestorTitles":["","Popup Script Comprehensive Tests","Data Validation"],"fullName":" Popup Script Comprehensive Tests Data Validation should handle validation errors during save","status":"passed","title":"should handle validation errors during save","duration":9,"failureMessages":[]},{"ancestorTitles":["","Popup Script Comprehensive Tests","Profile Management"],"fullName":" Popup Script Comprehensive Tests Profile Management should create new profile","status":"passed","title":"should create new profile","duration":7,"failureMessages":[]},{"ancestorTitles":["","Popup Script Comprehensive Tests","Profile Management"],"fullName":" Popup Script Comprehensive Tests Profile Management should switch between profiles","status":"passed","title":"should switch between profiles","duration":9,"failureMessages":[]},{"ancestorTitles":["","Popup Script Comprehensive Tests","Profile Management"],"fullName":" Popup Script Comprehensive Tests Profile Management should handle profile deletion","status":"passed","title":"should handle profile deletion","duration":10,"failureMessages":[]},{"ancestorTitles":["","Popup Script Comprehensive Tests","Profile Management"],"fullName":" Popup Script Comprehensive Tests Profile Management should prevent deletion of default profile","status":"passed","title":"should prevent deletion of default profile","duration":8,"failureMessages":[]},{"ancestorTitles":["","Popup Script Comprehensive Tests","Custom Fields Management"],"fullName":" Popup Script Comprehensive Tests Custom Fields Management should add custom field","status":"passed","title":"should add custom field","duration":11,"failureMessages":[]},{"ancestorTitles":["","Popup Script Comprehensive Tests","Custom Fields Management"],"fullName":" Popup Script Comprehensive Tests Custom Fields Management should remove custom field","status":"passed","title":"should remove custom field","duration":17,"failureMessages":[]},{"ancestorTitles":["","Popup Script Comprehensive Tests","Custom Fields Management"],"fullName":" Popup Script Comprehensive Tests Custom Fields Management should validate custom field data","status":"passed","title":"should validate custom field data","duration":15,"failureMessages":[]},{"ancestorTitles":["","Popup Script Comprehensive Tests","Autofill Trigger"],"fullName":" Popup Script Comprehensive Tests Autofill Trigger should trigger autofill successfully","status":"passed","title":"should trigger autofill successfully","duration":12,"failureMessages":[]},{"ancestorTitles":["","Popup Script Comprehensive Tests","Autofill Trigger"],"fullName":" Popup Script Comprehensive Tests Autofill Trigger should handle no active tab","status":"passed","title":"should handle no active tab","duration":8,"failureMessages":[]},{"ancestorTitles":["","Popup Script Comprehensive Tests","Autofill Trigger"],"fullName":" Popup Script Comprehensive Tests Autofill Trigger should handle blacklisted domains","status":"passed","title":"should handle blacklisted domains","duration":9,"failureMessages":[]},{"ancestorTitles":["","Popup Script Comprehensive Tests","Autofill Trigger"],"fullName":" Popup Script Comprehensive Tests Autofill Trigger should handle content script communication errors","status":"passed","title":"should handle content script communication errors","duration":9,"failureMessages":[]},{"ancestorTitles":["","Popup Script Comprehensive Tests","Password Protection"],"fullName":" Popup Script Comprehensive Tests Password Protection should show password prompt when protection is enabled","status":"passed","title":"should show password prompt when protection is enabled","duration":13,"failureMessages":[]},{"ancestorTitles":["","Popup Script Comprehensive Tests","Password Protection"],"fullName":" Popup Script Comprehensive Tests Password Protection should hide password prompt after authentication","status":"passed","title":"should hide password prompt after authentication","duration":8,"failureMessages":[]},{"ancestorTitles":["","Popup Script Comprehensive Tests","Password Protection"],"fullName":" Popup Script Comprehensive Tests Password Protection should show password setup dialog","status":"passed","title":"should show password setup dialog","duration":8,"failureMessages":[]},{"ancestorTitles":["","Popup Script Comprehensive Tests","Password Protection"],"fullName":" Popup Script Comprehensive Tests Password Protection should disable password protection","status":"passed","title":"should disable password protection","duration":10,"failureMessages":[]},{"ancestorTitles":["","Popup Script Comprehensive Tests","Performance Monitoring"],"fullName":" Popup Script Comprehensive Tests Performance Monitoring should track operation performance","status":"passed","title":"should track operation performance","duration":7,"failureMessages":[]},{"ancestorTitles":["","Popup Script Comprehensive Tests","Performance Monitoring"],"fullName":" Popup Script Comprehensive Tests Performance Monitoring should categorize performance metrics","status":"passed","title":"should categorize performance metrics","duration":6,"failureMessages":[]},{"ancestorTitles":["","Popup Script Comprehensive Tests","Error Handling"],"fullName":" Popup Script Comprehensive Tests Error Handling should handle form reset confirmation","status":"passed","title":"should handle form reset confirmation","duration":14,"failureMessages":[]},{"ancestorTitles":["","Popup Script Comprehensive Tests","Error Handling"],"fullName":" Popup Script Comprehensive Tests Error Handling should handle storage quota exceeded","status":"passed","title":"should handle storage quota exceeded","duration":9,"failureMessages":[]},{"ancestorTitles":["","Popup Script Comprehensive Tests","Error Handling"],"fullName":" Popup Script Comprehensive Tests Error Handling should handle network connectivity issues","status":"passed","title":"should handle network connectivity issues","duration":8,"failureMessages":[]},{"ancestorTitles":["","Popup Script Comprehensive Tests","UI Status Messages"],"fullName":" Popup Script Comprehensive Tests UI Status Messages should show success status","status":"passed","title":"should show success status","duration":12,"failureMessages":[]},{"ancestorTitles":["","Popup Script Comprehensive Tests","UI Status Messages"],"fullName":" Popup Script Comprehensive Tests UI Status Messages should show error status","status":"passed","title":"should show error status","duration":5,"failureMessages":[]},{"ancestorTitles":["","Popup Script Comprehensive Tests","UI Status Messages"],"fullName":" Popup Script Comprehensive Tests UI Status Messages should show warning status","status":"passed","title":"should show warning status","duration":4,"failureMessages":[]}],"startTime":1754933765888,"endTime":1754933766283,"status":"passed","message":"","name":"C:/Users/msaya/Downloads/AutoFill/test/popup-comprehensive.test.js"},{"assertionResults":[{"ancestorTitles":["","Profile Management","Profile Creation"],"fullName":" Profile Management Profile Creation should create a new profile with default data structure","status":"failed","title":"should create a new profile with default data structure","duration":22,"failureMessages":["expected \"spy\" to be called with arguments: [ { profiles: ObjectContaining{…} } ]\u001b[90m\n\nReceived: \n\n\u001b[39m\u001b[90m\n\nNumber of calls: \u001b[1m0\u001b[22m\n\u001b[39m"],"location":{"line":61,"column":36}},{"ancestorTitles":["","Profile Management","Profile Creation"],"fullName":" Profile Management Profile Creation should validate profile name length","status":"failed","title":"should validate profile name length","duration":5,"failureMessages":["expected \"spy\" to be called at least once"],"location":{"line":86,"column":36}},{"ancestorTitles":["","Profile Management","Profile Creation"],"fullName":" Profile Management Profile Creation should handle profile creation with custom fields","status":"failed","title":"should handle profile creation with custom fields","duration":4,"failureMessages":["expected \"spy\" to be called with arguments: [ { profiles: ObjectContaining{…} } ]\u001b[90m\n\nReceived: \n\n\u001b[39m\u001b[90m\n\nNumber of calls: \u001b[1m0\u001b[22m\n\u001b[39m"],"location":{"line":101,"column":36}},{"ancestorTitles":["","Profile Management","Profile Validation"],"fullName":" Profile Management Profile Validation should validate email format in profile data","status":"passed","title":"should validate email format in profile data","duration":5,"failureMessages":[]},{"ancestorTitles":["","Profile Management","Profile Validation"],"fullName":" Profile Management Profile Validation should validate URL format in profile data","status":"passed","title":"should validate URL format in profile data","duration":5,"failureMessages":[]},{"ancestorTitles":["","Profile Management","Profile Validation"],"fullName":" Profile Management Profile Validation should validate phone format in profile data","status":"passed","title":"should validate phone format in profile data","duration":4,"failureMessages":[]},{"ancestorTitles":["","Profile Management","Profile Retrieval"],"fullName":" Profile Management Profile Retrieval should retrieve active profile correctly","status":"failed","title":"should retrieve active profile correctly","duration":11,"failureMessages":["expected { id: 'default', …(2) } to deeply equal { id: 'work', …(2) }"],"location":{"line":175,"column":29}},{"ancestorTitles":["","Profile Management","Profile Retrieval"],"fullName":" Profile Management Profile Retrieval should throw error when active profile does not exist","status":"failed","title":"should throw error when active profile does not exist","duration":5,"failureMessages":["promise resolved \"{ id: 'default', …(2) }\" instead of rejecting"],"location":{"line":200,"column":9}},{"ancestorTitles":["","Profile Management","Error Handling"],"fullName":" Profile Management Error Handling should handle storage errors during profile save","status":"failed","title":"should handle storage errors during profile save","duration":3,"failureMessages":["promise resolved \"undefined\" instead of rejecting"],"location":{"line":229,"column":9}},{"ancestorTitles":["","Profile Management","Error Handling"],"fullName":" Profile Management Error Handling should fallback to local storage when sync fails","status":"failed","title":"should fallback to local storage when sync fails","duration":2,"failureMessages":["expected \"spy\" to be called at least once"],"location":{"line":256,"column":37}}],"startTime":1754933766037,"endTime":1754933766104,"status":"failed","message":"","name":"C:/Users/msaya/Downloads/AutoFill/test/profile-management.test.js"},{"assertionResults":[{"ancestorTitles":["","StorageManager","initialize"],"fullName":" StorageManager initialize should initialize with default data structure when storage is empty","status":"passed","title":"should initialize with default data structure when storage is empty","duration":8,"failureMessages":[]},{"ancestorTitles":["","StorageManager","initialize"],"fullName":" StorageManager initialize should return existing data when storage has valid data","status":"passed","title":"should return existing data when storage has valid data","duration":3,"failureMessages":[]},{"ancestorTitles":["","StorageManager","initialize"],"fullName":" StorageManager initialize should handle storage errors gracefully","status":"passed","title":"should handle storage errors gracefully","duration":5,"failureMessages":[]},{"ancestorTitles":["","StorageManager","getAllData"],"fullName":" StorageManager getAllData should return validated and merged data","status":"passed","title":"should return validated and merged data","duration":4,"failureMessages":[]},{"ancestorTitles":["","StorageManager","getAllData"],"fullName":" StorageManager getAllData should handle storage retrieval errors","status":"passed","title":"should handle storage retrieval errors","duration":3,"failureMessages":[]},{"ancestorTitles":["","StorageManager","getActiveProfile"],"fullName":" StorageManager getActiveProfile should return active profile data","status":"passed","title":"should return active profile data","duration":5,"failureMessages":[]},{"ancestorTitles":["","StorageManager","getActiveProfile"],"fullName":" StorageManager getActiveProfile should throw error when active profile does not exist","status":"passed","title":"should throw error when active profile does not exist","duration":2,"failureMessages":[]},{"ancestorTitles":["","StorageManager","saveProfile"],"fullName":" StorageManager saveProfile should save new profile data","status":"passed","title":"should save new profile data","duration":3,"failureMessages":[]},{"ancestorTitles":["","StorageManager","saveProfile"],"fullName":" StorageManager saveProfile should update existing profile data","status":"passed","title":"should update existing profile data","duration":2,"failureMessages":[]},{"ancestorTitles":["","StorageManager","saveProfile"],"fullName":" StorageManager saveProfile should handle save errors gracefully","status":"passed","title":"should handle save errors gracefully","duration":3,"failureMessages":[]},{"ancestorTitles":["","StorageManager","getSettings"],"fullName":" StorageManager getSettings should return settings data","status":"passed","title":"should return settings data","duration":2,"failureMessages":[]},{"ancestorTitles":["","StorageManager","saveSettings"],"fullName":" StorageManager saveSettings should save validated settings","status":"passed","title":"should save validated settings","duration":2,"failureMessages":[]},{"ancestorTitles":["","StorageManager","validateProfileData"],"fullName":" StorageManager validateProfileData should validate and clean profile data","status":"passed","title":"should validate and clean profile data","duration":2,"failureMessages":[]},{"ancestorTitles":["","StorageManager","validateSettings"],"fullName":" StorageManager validateSettings should validate and clean settings data","status":"passed","title":"should validate and clean settings data","duration":1,"failureMessages":[]},{"ancestorTitles":["","StorageManager","clearAll"],"fullName":" StorageManager clearAll should clear all storage data","status":"passed","title":"should clear all storage data","duration":1,"failureMessages":[]},{"ancestorTitles":["","StorageManager","clearAll"],"fullName":" StorageManager clearAll should handle clear errors gracefully","status":"passed","title":"should handle clear errors gracefully","duration":1,"failureMessages":[]},{"ancestorTitles":["","StorageManager","Password Protection","setupPassword"],"fullName":" StorageManager Password Protection setupPassword should setup password protection with hashed password","status":"passed","title":"should setup password protection with hashed password","duration":7,"failureMessages":[]},{"ancestorTitles":["","StorageManager","Password Protection","setupPassword"],"fullName":" StorageManager Password Protection setupPassword should handle setup errors gracefully","status":"failed","title":"should handle setup errors gracefully","duration":21,"failureMessages":["promise resolved \"undefined\" instead of rejecting"],"location":{"line":325,"column":59}},{"ancestorTitles":["","StorageManager","Password Protection","verifyPassword"],"fullName":" StorageManager Password Protection verifyPassword should return true for correct password","status":"passed","title":"should return true for correct password","duration":2,"failureMessages":[]},{"ancestorTitles":["","StorageManager","Password Protection","verifyPassword"],"fullName":" StorageManager Password Protection verifyPassword should return false for incorrect password","status":"passed","title":"should return false for incorrect password","duration":1,"failureMessages":[]},{"ancestorTitles":["","StorageManager","Password Protection","verifyPassword"],"fullName":" StorageManager Password Protection verifyPassword should return true when password protection is disabled","status":"passed","title":"should return true when password protection is disabled","duration":1,"failureMessages":[]},{"ancestorTitles":["","StorageManager","Password Protection","changePassword"],"fullName":" StorageManager Password Protection changePassword should change password when current password is correct","status":"passed","title":"should change password when current password is correct","duration":3,"failureMessages":[]},{"ancestorTitles":["","StorageManager","Password Protection","changePassword"],"fullName":" StorageManager Password Protection changePassword should return false when current password is incorrect","status":"passed","title":"should return false when current password is incorrect","duration":2,"failureMessages":[]},{"ancestorTitles":["","StorageManager","Password Protection","disablePasswordProtection"],"fullName":" StorageManager Password Protection disablePasswordProtection should disable password protection when password is correct","status":"passed","title":"should disable password protection when password is correct","duration":2,"failureMessages":[]},{"ancestorTitles":["","StorageManager","Password Protection","disablePasswordProtection"],"fullName":" StorageManager Password Protection disablePasswordProtection should return false when password is incorrect","status":"passed","title":"should return false when password is incorrect","duration":1,"failureMessages":[]},{"ancestorTitles":["","StorageManager","PasswordManager","hashPassword"],"fullName":" StorageManager PasswordManager hashPassword should hash password consistently","status":"passed","title":"should hash password consistently","duration":4,"failureMessages":[]},{"ancestorTitles":["","StorageManager","PasswordManager","verifyPassword"],"fullName":" StorageManager PasswordManager verifyPassword should verify password against hash","status":"passed","title":"should verify password against hash","duration":2,"failureMessages":[]},{"ancestorTitles":["","StorageManager","PasswordManager","generateSalt"],"fullName":" StorageManager PasswordManager generateSalt should generate random salt","status":"passed","title":"should generate random salt","duration":2,"failureMessages":[]},{"ancestorTitles":["","StorageManager","PasswordManager","hashPasswordWithSalt"],"fullName":" StorageManager PasswordManager hashPasswordWithSalt should hash password with salt consistently","status":"passed","title":"should hash password with salt consistently","duration":2,"failureMessages":[]},{"ancestorTitles":["","StorageManager","PasswordManager","hashPasswordWithSalt"],"fullName":" StorageManager PasswordManager hashPasswordWithSalt should produce different hashes for different salts","status":"passed","title":"should produce different hashes for different salts","duration":2,"failureMessages":[]}],"startTime":1754933765935,"endTime":1754933766047,"status":"failed","message":"","name":"C:/Users/msaya/Downloads/AutoFill/test/storage.test.js"},{"assertionResults":[],"startTime":1754933764262,"endTime":1754933764262,"status":"failed","message":"Playwright Test did not expect test.describe() to be called here.\nMost common reasons include:\n- You are calling test.describe() in a configuration file.\n- You are calling test.describe() in a file that is imported by the configuration file.\n- You have two different versions of @playwright/test. This usually happens\n  when one of the dependencies in your package.json depends on @playwright/test.","name":"C:/Users/msaya/Downloads/AutoFill/test/playwright/extension-compatibility.spec.js"}]}