{"numTotalTestSuites":5,"numPassedTestSuites":5,"numFailedTestSuites":0,"numPendingTestSuites":0,"numTotalTests":12,"numPassedTests":12,"numFailedTests":0,"numPendingTests":0,"numTodoTests":0,"startTime":1755294482485,"success":true,"testResults":[{"assertionResults":[{"ancestorTitles":["","Radio Button Handling","Radio Group Detection"],"fullName":" Radio Button Handling Radio Group Detection should detect all radio button groups","status":"passed","title":"should detect all radio button groups","duration":37,"failureMessages":[]},{"ancestorTitles":["","Radio Button Handling","Radio Group Detection"],"fullName":" Radio Button Handling Radio Group Detection should extract correct radio group information","status":"passed","title":"should extract correct radio group information","duration":25,"failureMessages":[]},{"ancestorTitles":["","Radio Button Handling","Radio Group Detection"],"fullName":" Radio Button Handling Radio Group Detection should create appropriate search text for radio groups","status":"passed","title":"should create appropriate search text for radio groups","duration":25,"failureMessages":[]},{"ancestorTitles":["","Radio Button Handling","Radio Group Filling"],"fullName":" Radio Button Handling Radio Group Filling should fill gender radio group with exact match","status":"passed","title":"should fill gender radio group with exact match","duration":16,"failureMessages":[]},{"ancestorTitles":["","Radio Button Handling","Radio Group Filling"],"fullName":" Radio Button Handling Radio Group Filling should fill gender radio group with pattern matching for short values","status":"passed","title":"should fill gender radio group with pattern matching for short values","duration":13,"failureMessages":[]},{"ancestorTitles":["","Radio Button Handling","Radio Group Filling"],"fullName":" Radio Button Handling Radio Group Filling should fill gender radio group with lowercase pattern matching","status":"passed","title":"should fill gender radio group with lowercase pattern matching","duration":10,"failureMessages":[]},{"ancestorTitles":["","Radio Button Handling","Radio Group Filling"],"fullName":" Radio Button Handling Radio Group Filling should handle non-gender radio groups with exact matching","status":"passed","title":"should handle non-gender radio groups with exact matching","duration":17,"failureMessages":[]},{"ancestorTitles":["","Radio Button Handling","Radio Group Filling"],"fullName":" Radio Button Handling Radio Group Filling should handle non-gender radio groups with partial matching","status":"passed","title":"should handle non-gender radio groups with partial matching","duration":11,"failureMessages":[]},{"ancestorTitles":["","Radio Button Handling","Radio Group Filling"],"fullName":" Radio Button Handling Radio Group Filling should return false when no matching option is found","status":"passed","title":"should return false when no matching option is found","duration":9,"failureMessages":[]},{"ancestorTitles":["","Radio Button Handling","Radio Group Filling"],"fullName":" Radio Button Handling Radio Group Filling should trigger appropriate events when selecting radio button","status":"passed","title":"should trigger appropriate events when selecting radio button","duration":12,"failureMessages":[]},{"ancestorTitles":["","Radio Button Handling","Radio Group Filling"],"fullName":" Radio Button Handling Radio Group Filling should clear other radio buttons in the same group","status":"passed","title":"should clear other radio buttons in the same group","duration":8,"failureMessages":[]},{"ancestorTitles":["","Radio Button Handling","Gender Pattern Matching"],"fullName":" Radio Button Handling Gender Pattern Matching should match different gender value formats","status":"passed","title":"should match different gender value formats","duration":16,"failureMessages":[]}],"startTime":1755294483299,"endTime":1755294483499,"status":"passed","message":"","name":"C:/Users/msaya/Downloads/AutoFill/test/radio-button-handling.test.js"}]}